{"C:\\Users\\lilim\\OneDrive\\Desktop\\thendo\\UniResCollab\\BackEnd\\server.js": {"path":"C:\\Users\\lilim\\OneDrive\\Desktop\\thendo\\UniResCollab\\BackEnd\\server.js","statementMap":{"0":{"start":{"line":1,"column":16},"end":{"line":1,"column":34}},"1":{"start":{"line":2,"column":13},"end":{"line":2,"column":28}},"2":{"start":{"line":3,"column":16},"end":{"line":3,"column":42}},"3":{"start":{"line":4,"column":17},"end":{"line":4,"column":45}},"4":{"start":{"line":5,"column":19},"end":{"line":5,"column":49}},"5":{"start":{"line":6,"column":18},"end":{"line":6,"column":48}},"6":{"start":{"line":7,"column":23},"end":{"line":7,"column":53}},"7":{"start":{"line":8,"column":22},"end":{"line":8,"column":58}},"8":{"start":{"line":9,"column":20},"end":{"line":9,"column":54}},"9":{"start":{"line":10,"column":23},"end":{"line":10,"column":49}},"10":{"start":{"line":11,"column":19},"end":{"line":11,"column":50}},"11":{"start":{"line":12,"column":15},"end":{"line":12,"column":43}},"12":{"start":{"line":13,"column":16},"end":{"line":13,"column":43}},"13":{"start":{"line":14,"column":0},"end":{"line":14,"column":70}},"14":{"start":{"line":16,"column":12},"end":{"line":16,"column":21}},"15":{"start":{"line":17,"column":13},"end":{"line":17,"column":46}},"16":{"start":{"line":18,"column":11},"end":{"line":18,"column":37}},"17":{"start":{"line":20,"column":13},"end":{"line":20,"column":37}},"18":{"start":{"line":23,"column":0},"end":{"line":23,"column":24}},"19":{"start":{"line":24,"column":0},"end":{"line":24,"column":30}},"20":{"start":{"line":25,"column":0},"end":{"line":25,"column":29}},"21":{"start":{"line":26,"column":0},"end":{"line":26,"column":65}},"22":{"start":{"line":27,"column":0},"end":{"line":27,"column":63}},"23":{"start":{"line":28,"column":0},"end":{"line":28,"column":61}},"24":{"start":{"line":29,"column":0},"end":{"line":29,"column":24}},"25":{"start":{"line":30,"column":0},"end":{"line":30,"column":48}},"26":{"start":{"line":31,"column":0},"end":{"line":31,"column":30}},"27":{"start":{"line":33,"column":0},"end":{"line":37,"column":4}},"28":{"start":{"line":38,"column":0},"end":{"line":38,"column":31}},"29":{"start":{"line":39,"column":0},"end":{"line":39,"column":28}},"30":{"start":{"line":40,"column":0},"end":{"line":40,"column":35}},"31":{"start":{"line":43,"column":0},"end":{"line":43,"column":29}},"32":{"start":{"line":44,"column":0},"end":{"line":44,"column":25}},"33":{"start":{"line":45,"column":0},"end":{"line":45,"column":24}},"34":{"start":{"line":46,"column":0},"end":{"line":46,"column":47}},"35":{"start":{"line":47,"column":0},"end":{"line":47,"column":31}},"36":{"start":{"line":50,"column":0},"end":{"line":55,"column":3}},"37":{"start":{"line":51,"column":2},"end":{"line":53,"column":3}},"38":{"start":{"line":52,"column":4},"end":{"line":52,"column":34}},"39":{"start":{"line":54,"column":2},"end":{"line":54,"column":76}},"40":{"start":{"line":58,"column":0},"end":{"line":62,"column":3}},"41":{"start":{"line":59,"column":2},"end":{"line":61,"column":5}},"42":{"start":{"line":60,"column":4},"end":{"line":60,"column":27}},"43":{"start":{"line":65,"column":0},"end":{"line":109,"column":3}},"44":{"start":{"line":66,"column":2},"end":{"line":66,"column":34}},"45":{"start":{"line":68,"column":2},"end":{"line":84,"column":5}},"46":{"start":{"line":69,"column":19},"end":{"line":69,"column":54}},"47":{"start":{"line":70,"column":4},"end":{"line":70,"column":24}},"48":{"start":{"line":72,"column":4},"end":{"line":83,"column":5}},"49":{"start":{"line":73,"column":23},"end":{"line":78,"column":31}},"50":{"start":{"line":80,"column":6},"end":{"line":80,"column":44}},"51":{"start":{"line":82,"column":6},"end":{"line":82,"column":53}},"52":{"start":{"line":88,"column":2},"end":{"line":104,"column":5}},"53":{"start":{"line":89,"column":19},"end":{"line":89,"column":46}},"54":{"start":{"line":90,"column":4},"end":{"line":103,"column":5}},"55":{"start":{"line":91,"column":22},"end":{"line":96,"column":8}},"56":{"start":{"line":97,"column":6},"end":{"line":97,"column":27}},"57":{"start":{"line":99,"column":6},"end":{"line":99,"column":50}},"58":{"start":{"line":102,"column":6},"end":{"line":102,"column":52}},"59":{"start":{"line":106,"column":2},"end":{"line":108,"column":5}},"60":{"start":{"line":107,"column":4},"end":{"line":107,"column":49}},"61":{"start":{"line":112,"column":20},"end":{"line":121,"column":1}},"62":{"start":{"line":113,"column":2},"end":{"line":120,"column":3}},"63":{"start":{"line":114,"column":4},"end":{"line":114,"column":15}},"64":{"start":{"line":115,"column":4},"end":{"line":117,"column":7}},"65":{"start":{"line":116,"column":6},"end":{"line":116,"column":64}},"66":{"start":{"line":119,"column":4},"end":{"line":119,"column":65}},"67":{"start":{"line":123,"column":0},"end":{"line":123,"column":14}},"68":{"start":{"line":125,"column":0},"end":{"line":125,"column":21}}},"fnMap":{"0":{"name":"(anonymous_0)","decl":{"start":{"line":50,"column":23},"end":{"line":50,"column":24}},"loc":{"start":{"line":50,"column":37},"end":{"line":55,"column":1}},"line":50},"1":{"name":"(anonymous_1)","decl":{"start":{"line":58,"column":19},"end":{"line":58,"column":20}},"loc":{"start":{"line":58,"column":33},"end":{"line":62,"column":1}},"line":58},"2":{"name":"(anonymous_2)","decl":{"start":{"line":59,"column":13},"end":{"line":59,"column":14}},"loc":{"start":{"line":59,"column":19},"end":{"line":61,"column":3}},"line":59},"3":{"name":"(anonymous_3)","decl":{"start":{"line":65,"column":20},"end":{"line":65,"column":21}},"loc":{"start":{"line":65,"column":32},"end":{"line":109,"column":1}},"line":65},"4":{"name":"(anonymous_4)","decl":{"start":{"line":68,"column":20},"end":{"line":68,"column":21}},"loc":{"start":{"line":68,"column":52},"end":{"line":84,"column":3}},"line":68},"5":{"name":"(anonymous_5)","decl":{"start":{"line":88,"column":28},"end":{"line":88,"column":29}},"loc":{"start":{"line":88,"column":58},"end":{"line":104,"column":3}},"line":88},"6":{"name":"(anonymous_6)","decl":{"start":{"line":106,"column":26},"end":{"line":106,"column":27}},"loc":{"start":{"line":106,"column":32},"end":{"line":108,"column":3}},"line":106},"7":{"name":"(anonymous_7)","decl":{"start":{"line":112,"column":20},"end":{"line":112,"column":21}},"loc":{"start":{"line":112,"column":32},"end":{"line":121,"column":1}},"line":112},"8":{"name":"(anonymous_8)","decl":{"start":{"line":115,"column":22},"end":{"line":115,"column":23}},"loc":{"start":{"line":115,"column":28},"end":{"line":117,"column":5}},"line":115}},"branchMap":{"0":{"loc":{"start":{"line":20,"column":13},"end":{"line":20,"column":37}},"type":"binary-expr","locations":[{"start":{"line":20,"column":13},"end":{"line":20,"column":29}},{"start":{"line":20,"column":33},"end":{"line":20,"column":37}}],"line":20},"1":{"loc":{"start":{"line":51,"column":2},"end":{"line":53,"column":3}},"type":"if","locations":[{"start":{"line":51,"column":2},"end":{"line":53,"column":3}},{"start":{},"end":{}}],"line":51}},"s":{"0":1,"1":1,"2":1,"3":1,"4":1,"5":1,"6":1,"7":1,"8":1,"9":1,"10":1,"11":1,"12":1,"13":1,"14":1,"15":1,"16":1,"17":1,"18":1,"19":1,"20":1,"21":1,"22":1,"23":1,"24":1,"25":1,"26":1,"27":1,"28":1,"29":1,"30":1,"31":1,"32":1,"33":1,"34":1,"35":1,"36":1,"37":0,"38":0,"39":0,"40":1,"41":0,"42":0,"43":1,"44":0,"45":0,"46":0,"47":0,"48":0,"49":0,"50":0,"51":0,"52":0,"53":0,"54":0,"55":0,"56":0,"57":0,"58":0,"59":0,"60":0,"61":1,"62":1,"63":1,"64":0,"65":0,"66":0,"67":1,"68":1},"f":{"0":0,"1":0,"2":0,"3":0,"4":0,"5":0,"6":0,"7":1,"8":0},"b":{"0":[1,1],"1":[0,0]},"_coverageSchema":"1a1c01bbd47fc00a2c39e90264f33305004495a9","hash":"e4b7fbfcf017984a23fe6d4d469825595189b894"}
,"C:\\Users\\lilim\\OneDrive\\Desktop\\thendo\\UniResCollab\\BackEnd\\Controllers\\authController.js": {"path":"C:\\Users\\lilim\\OneDrive\\Desktop\\thendo\\UniResCollab\\BackEnd\\Controllers\\authController.js","statementMap":{"0":{"start":{"line":1,"column":23},"end":{"line":9,"column":1}},"1":{"start":{"line":2,"column":4},"end":{"line":7,"column":5}},"2":{"start":{"line":4,"column":8},"end":{"line":4,"column":74}},"3":{"start":{"line":4,"column":39},"end":{"line":4,"column":74}},"4":{"start":{"line":5,"column":8},"end":{"line":5,"column":80}},"5":{"start":{"line":5,"column":42},"end":{"line":5,"column":80}},"6":{"start":{"line":6,"column":8},"end":{"line":6,"column":84}},"7":{"start":{"line":6,"column":44},"end":{"line":6,"column":84}},"8":{"start":{"line":8,"column":4},"end":{"line":8,"column":27}},"9":{"start":{"line":11,"column":23},"end":{"line":21,"column":1}},"10":{"start":{"line":14,"column":4},"end":{"line":19,"column":5}},"11":{"start":{"line":16,"column":8},"end":{"line":16,"column":74}},"12":{"start":{"line":16,"column":39},"end":{"line":16,"column":74}},"13":{"start":{"line":17,"column":8},"end":{"line":17,"column":80}},"14":{"start":{"line":17,"column":42},"end":{"line":17,"column":80}},"15":{"start":{"line":18,"column":8},"end":{"line":18,"column":84}},"16":{"start":{"line":18,"column":44},"end":{"line":18,"column":84}},"17":{"start":{"line":20,"column":4},"end":{"line":20,"column":27}},"18":{"start":{"line":23,"column":19},"end":{"line":25,"column":1}},"19":{"start":{"line":24,"column":4},"end":{"line":24,"column":24}},"20":{"start":{"line":27,"column":0},"end":{"line":31,"column":2}}},"fnMap":{"0":{"name":"(anonymous_0)","decl":{"start":{"line":1,"column":23},"end":{"line":1,"column":24}},"loc":{"start":{"line":1,"column":37},"end":{"line":9,"column":1}},"line":1},"1":{"name":"(anonymous_1)","decl":{"start":{"line":11,"column":23},"end":{"line":11,"column":24}},"loc":{"start":{"line":11,"column":37},"end":{"line":21,"column":1}},"line":11},"2":{"name":"(anonymous_2)","decl":{"start":{"line":23,"column":19},"end":{"line":23,"column":20}},"loc":{"start":{"line":23,"column":36},"end":{"line":25,"column":1}},"line":23}},"branchMap":{"0":{"loc":{"start":{"line":2,"column":4},"end":{"line":7,"column":5}},"type":"if","locations":[{"start":{"line":2,"column":4},"end":{"line":7,"column":5}},{"start":{},"end":{}}],"line":2},"1":{"loc":{"start":{"line":2,"column":8},"end":{"line":2,"column":33}},"type":"binary-expr","locations":[{"start":{"line":2,"column":8},"end":{"line":2,"column":16}},{"start":{"line":2,"column":20},"end":{"line":2,"column":33}}],"line":2},"2":{"loc":{"start":{"line":4,"column":8},"end":{"line":4,"column":74}},"type":"if","locations":[{"start":{"line":4,"column":8},"end":{"line":4,"column":74}},{"start":{},"end":{}}],"line":4},"3":{"loc":{"start":{"line":5,"column":8},"end":{"line":5,"column":80}},"type":"if","locations":[{"start":{"line":5,"column":8},"end":{"line":5,"column":80}},{"start":{},"end":{}}],"line":5},"4":{"loc":{"start":{"line":6,"column":8},"end":{"line":6,"column":84}},"type":"if","locations":[{"start":{"line":6,"column":8},"end":{"line":6,"column":84}},{"start":{},"end":{}}],"line":6},"5":{"loc":{"start":{"line":14,"column":4},"end":{"line":19,"column":5}},"type":"if","locations":[{"start":{"line":14,"column":4},"end":{"line":19,"column":5}},{"start":{},"end":{}}],"line":14},"6":{"loc":{"start":{"line":14,"column":8},"end":{"line":14,"column":33}},"type":"binary-expr","locations":[{"start":{"line":14,"column":8},"end":{"line":14,"column":16}},{"start":{"line":14,"column":20},"end":{"line":14,"column":33}}],"line":14},"7":{"loc":{"start":{"line":16,"column":8},"end":{"line":16,"column":74}},"type":"if","locations":[{"start":{"line":16,"column":8},"end":{"line":16,"column":74}},{"start":{},"end":{}}],"line":16},"8":{"loc":{"start":{"line":17,"column":8},"end":{"line":17,"column":80}},"type":"if","locations":[{"start":{"line":17,"column":8},"end":{"line":17,"column":80}},{"start":{},"end":{}}],"line":17},"9":{"loc":{"start":{"line":18,"column":8},"end":{"line":18,"column":84}},"type":"if","locations":[{"start":{"line":18,"column":8},"end":{"line":18,"column":84}},{"start":{},"end":{}}],"line":18}},"s":{"0":1,"1":0,"2":0,"3":0,"4":0,"5":0,"6":0,"7":0,"8":0,"9":1,"10":0,"11":0,"12":0,"13":0,"14":0,"15":0,"16":0,"17":0,"18":1,"19":0,"20":1},"f":{"0":0,"1":0,"2":0},"b":{"0":[0,0],"1":[0,0],"2":[0,0],"3":[0,0],"4":[0,0],"5":[0,0],"6":[0,0],"7":[0,0],"8":[0,0],"9":[0,0]},"_coverageSchema":"1a1c01bbd47fc00a2c39e90264f33305004495a9","hash":"dfddd10297716289642dc94351fc0779388c7dba"}
,"C:\\Users\\lilim\\OneDrive\\Desktop\\thendo\\UniResCollab\\BackEnd\\Controllers\\projectController.js": {"path":"C:\\Users\\lilim\\OneDrive\\Desktop\\thendo\\UniResCollab\\BackEnd\\Controllers\\projectController.js","statementMap":{"0":{"start":{"line":1,"column":16},"end":{"line":1,"column":44}},"1":{"start":{"line":2,"column":13},"end":{"line":2,"column":43}},"2":{"start":{"line":5,"column":0},"end":{"line":49,"column":2}},"3":{"start":{"line":6,"column":2},"end":{"line":48,"column":3}},"4":{"start":{"line":20,"column":8},"end":{"line":20,"column":16}},"5":{"start":{"line":23,"column":4},"end":{"line":25,"column":5}},"6":{"start":{"line":24,"column":6},"end":{"line":24,"column":73}},"7":{"start":{"line":27,"column":23},"end":{"line":41,"column":6}},"8":{"start":{"line":39,"column":118},"end":{"line":39,"column":126}},"9":{"start":{"line":43,"column":4},"end":{"line":43,"column":28}},"10":{"start":{"line":44,"column":4},"end":{"line":44,"column":37}},"11":{"start":{"line":46,"column":4},"end":{"line":46,"column":50}},"12":{"start":{"line":47,"column":4},"end":{"line":47,"column":51}},"13":{"start":{"line":54,"column":0},"end":{"line":62,"column":2}},"14":{"start":{"line":55,"column":2},"end":{"line":61,"column":3}},"15":{"start":{"line":56,"column":21},"end":{"line":56,"column":63}},"16":{"start":{"line":57,"column":4},"end":{"line":57,"column":44}},"17":{"start":{"line":59,"column":4},"end":{"line":59,"column":23}},"18":{"start":{"line":60,"column":4},"end":{"line":60,"column":59}},"19":{"start":{"line":65,"column":0},"end":{"line":86,"column":2}},"20":{"start":{"line":66,"column":2},"end":{"line":85,"column":3}},"21":{"start":{"line":67,"column":20},"end":{"line":67,"column":57}},"22":{"start":{"line":69,"column":4},"end":{"line":71,"column":5}},"23":{"start":{"line":70,"column":6},"end":{"line":70,"column":55}},"24":{"start":{"line":73,"column":20},"end":{"line":73,"column":71}},"25":{"start":{"line":74,"column":23},"end":{"line":74,"column":51}},"26":{"start":{"line":75,"column":27},"end":{"line":75,"column":77}},"27":{"start":{"line":77,"column":4},"end":{"line":79,"column":5}},"28":{"start":{"line":78,"column":6},"end":{"line":78,"column":81}},"29":{"start":{"line":81,"column":4},"end":{"line":81,"column":63}},"30":{"start":{"line":83,"column":4},"end":{"line":83,"column":23}},"31":{"start":{"line":84,"column":4},"end":{"line":84,"column":61}},"32":{"start":{"line":90,"column":0},"end":{"line":101,"column":2}},"33":{"start":{"line":91,"column":2},"end":{"line":100,"column":3}},"34":{"start":{"line":93,"column":21},"end":{"line":93,"column":63}},"35":{"start":{"line":96,"column":4},"end":{"line":96,"column":63}},"36":{"start":{"line":98,"column":4},"end":{"line":98,"column":51}},"37":{"start":{"line":99,"column":4},"end":{"line":99,"column":59}},"38":{"start":{"line":105,"column":0},"end":{"line":125,"column":2}},"39":{"start":{"line":106,"column":2},"end":{"line":124,"column":3}},"40":{"start":{"line":107,"column":20},"end":{"line":107,"column":57}},"41":{"start":{"line":109,"column":4},"end":{"line":111,"column":5}},"42":{"start":{"line":110,"column":6},"end":{"line":110,"column":55}},"43":{"start":{"line":114,"column":4},"end":{"line":116,"column":5}},"44":{"start":{"line":115,"column":6},"end":{"line":115,"column":73}},"45":{"start":{"line":118,"column":4},"end":{"line":118,"column":51}},"46":{"start":{"line":120,"column":4},"end":{"line":120,"column":37}},"47":{"start":{"line":122,"column":4},"end":{"line":122,"column":50}},"48":{"start":{"line":123,"column":4},"end":{"line":123,"column":51}},"49":{"start":{"line":128,"column":0},"end":{"line":184,"column":2}},"50":{"start":{"line":129,"column":2},"end":{"line":183,"column":3}},"51":{"start":{"line":130,"column":22},"end":{"line":130,"column":35}},"52":{"start":{"line":145,"column":8},"end":{"line":145,"column":16}},"53":{"start":{"line":148,"column":20},"end":{"line":148,"column":53}},"54":{"start":{"line":150,"column":4},"end":{"line":152,"column":5}},"55":{"start":{"line":151,"column":6},"end":{"line":151,"column":55}},"56":{"start":{"line":155,"column":4},"end":{"line":157,"column":5}},"57":{"start":{"line":156,"column":6},"end":{"line":156,"column":71}},"58":{"start":{"line":160,"column":4},"end":{"line":160,"column":43}},"59":{"start":{"line":161,"column":4},"end":{"line":161,"column":46}},"60":{"start":{"line":162,"column":4},"end":{"line":162,"column":52}},"61":{"start":{"line":163,"column":4},"end":{"line":163,"column":55}},"62":{"start":{"line":164,"column":4},"end":{"line":164,"column":49}},"63":{"start":{"line":165,"column":4},"end":{"line":165,"column":83}},"64":{"start":{"line":166,"column":4},"end":{"line":166,"column":34}},"65":{"start":{"line":167,"column":4},"end":{"line":167,"column":61}},"66":{"start":{"line":168,"column":4},"end":{"line":168,"column":58}},"67":{"start":{"line":169,"column":4},"end":{"line":169,"column":46}},"68":{"start":{"line":170,"column":4},"end":{"line":170,"column":58}},"69":{"start":{"line":171,"column":4},"end":{"line":175,"column":30}},"70":{"start":{"line":174,"column":42},"end":{"line":174,"column":50}},"71":{"start":{"line":177,"column":4},"end":{"line":177,"column":25}},"72":{"start":{"line":179,"column":4},"end":{"line":179,"column":37}},"73":{"start":{"line":181,"column":4},"end":{"line":181,"column":50}},"74":{"start":{"line":182,"column":4},"end":{"line":182,"column":51}},"75":{"start":{"line":187,"column":0},"end":{"line":200,"column":2}},"76":{"start":{"line":188,"column":2},"end":{"line":199,"column":3}},"77":{"start":{"line":189,"column":20},"end":{"line":189,"column":57}},"78":{"start":{"line":191,"column":4},"end":{"line":193,"column":5}},"79":{"start":{"line":192,"column":6},"end":{"line":192,"column":71}},"80":{"start":{"line":195,"column":4},"end":{"line":195,"column":44}},"81":{"start":{"line":197,"column":4},"end":{"line":197,"column":51}},"82":{"start":{"line":198,"column":4},"end":{"line":198,"column":52}},"83":{"start":{"line":204,"column":0},"end":{"line":221,"column":2}},"84":{"start":{"line":205,"column":2},"end":{"line":220,"column":3}},"85":{"start":{"line":206,"column":30},"end":{"line":206,"column":40}},"86":{"start":{"line":207,"column":20},"end":{"line":207,"column":79}},"87":{"start":{"line":209,"column":4},"end":{"line":211,"column":5}},"88":{"start":{"line":210,"column":6},"end":{"line":210,"column":71}},"89":{"start":{"line":213,"column":4},"end":{"line":216,"column":7}},"90":{"start":{"line":218,"column":4},"end":{"line":218,"column":53}},"91":{"start":{"line":219,"column":4},"end":{"line":219,"column":54}},"92":{"start":{"line":223,"column":0},"end":{"line":241,"column":2}},"93":{"start":{"line":224,"column":2},"end":{"line":240,"column":3}},"94":{"start":{"line":225,"column":25},"end":{"line":225,"column":34}},"95":{"start":{"line":227,"column":4},"end":{"line":229,"column":5}},"96":{"start":{"line":228,"column":6},"end":{"line":228,"column":69}},"97":{"start":{"line":231,"column":18},"end":{"line":234,"column":25}},"98":{"start":{"line":236,"column":4},"end":{"line":236,"column":20}},"99":{"start":{"line":238,"column":4},"end":{"line":238,"column":49}},"100":{"start":{"line":239,"column":4},"end":{"line":239,"column":74}},"101":{"start":{"line":243,"column":0},"end":{"line":272,"column":2}},"102":{"start":{"line":244,"column":2},"end":{"line":271,"column":3}},"103":{"start":{"line":245,"column":36},"end":{"line":245,"column":44}},"104":{"start":{"line":247,"column":22},"end":{"line":247,"column":54}},"105":{"start":{"line":248,"column":4},"end":{"line":250,"column":5}},"106":{"start":{"line":249,"column":6},"end":{"line":249,"column":81}},"107":{"start":{"line":252,"column":20},"end":{"line":252,"column":53}},"108":{"start":{"line":253,"column":4},"end":{"line":255,"column":5}},"109":{"start":{"line":254,"column":6},"end":{"line":254,"column":84}},"110":{"start":{"line":257,"column":4},"end":{"line":259,"column":5}},"111":{"start":{"line":258,"column":6},"end":{"line":258,"column":79}},"112":{"start":{"line":262,"column":4},"end":{"line":265,"column":5}},"113":{"start":{"line":263,"column":6},"end":{"line":263,"column":53}},"114":{"start":{"line":264,"column":6},"end":{"line":264,"column":27}},"115":{"start":{"line":267,"column":4},"end":{"line":267,"column":51}},"116":{"start":{"line":269,"column":4},"end":{"line":269,"column":55}},"117":{"start":{"line":270,"column":4},"end":{"line":270,"column":83}}},"fnMap":{"0":{"name":"(anonymous_0)","decl":{"start":{"line":5,"column":24},"end":{"line":5,"column":25}},"loc":{"start":{"line":5,"column":44},"end":{"line":49,"column":1}},"line":5},"1":{"name":"(anonymous_1)","decl":{"start":{"line":39,"column":113},"end":{"line":39,"column":114}},"loc":{"start":{"line":39,"column":118},"end":{"line":39,"column":126}},"line":39},"2":{"name":"(anonymous_2)","decl":{"start":{"line":54,"column":24},"end":{"line":54,"column":25}},"loc":{"start":{"line":54,"column":44},"end":{"line":62,"column":1}},"line":54},"3":{"name":"(anonymous_3)","decl":{"start":{"line":65,"column":29},"end":{"line":65,"column":30}},"loc":{"start":{"line":65,"column":49},"end":{"line":86,"column":1}},"line":65},"4":{"name":"(anonymous_4)","decl":{"start":{"line":90,"column":25},"end":{"line":90,"column":26}},"loc":{"start":{"line":90,"column":45},"end":{"line":101,"column":1}},"line":90},"5":{"name":"(anonymous_5)","decl":{"start":{"line":105,"column":24},"end":{"line":105,"column":25}},"loc":{"start":{"line":105,"column":44},"end":{"line":125,"column":1}},"line":105},"6":{"name":"(anonymous_6)","decl":{"start":{"line":128,"column":22},"end":{"line":128,"column":23}},"loc":{"start":{"line":128,"column":42},"end":{"line":184,"column":1}},"line":128},"7":{"name":"(anonymous_7)","decl":{"start":{"line":174,"column":37},"end":{"line":174,"column":38}},"loc":{"start":{"line":174,"column":42},"end":{"line":174,"column":50}},"line":174},"8":{"name":"(anonymous_8)","decl":{"start":{"line":187,"column":29},"end":{"line":187,"column":30}},"loc":{"start":{"line":187,"column":49},"end":{"line":200,"column":1}},"line":187},"9":{"name":"(anonymous_9)","decl":{"start":{"line":204,"column":37},"end":{"line":204,"column":38}},"loc":{"start":{"line":204,"column":57},"end":{"line":221,"column":1}},"line":204},"10":{"name":"(anonymous_10)","decl":{"start":{"line":223,"column":31},"end":{"line":223,"column":32}},"loc":{"start":{"line":223,"column":51},"end":{"line":241,"column":1}},"line":223},"11":{"name":"(anonymous_11)","decl":{"start":{"line":243,"column":26},"end":{"line":243,"column":27}},"loc":{"start":{"line":243,"column":46},"end":{"line":272,"column":1}},"line":243}},"branchMap":{"0":{"loc":{"start":{"line":23,"column":4},"end":{"line":25,"column":5}},"type":"if","locations":[{"start":{"line":23,"column":4},"end":{"line":25,"column":5}},{"start":{},"end":{}}],"line":23},"1":{"loc":{"start":{"line":23,"column":8},"end":{"line":23,"column":102}},"type":"binary-expr","locations":[{"start":{"line":23,"column":8},"end":{"line":23,"column":14}},{"start":{"line":23,"column":18},"end":{"line":23,"column":25}},{"start":{"line":23,"column":29},"end":{"line":23,"column":38}},{"start":{"line":23,"column":42},"end":{"line":23,"column":52}},{"start":{"line":23,"column":56},"end":{"line":23,"column":64}},{"start":{"line":23,"column":68},"end":{"line":23,"column":71}},{"start":{"line":23,"column":75},"end":{"line":23,"column":87}},{"start":{"line":23,"column":91},"end":{"line":23,"column":102}}],"line":23},"2":{"loc":{"start":{"line":33,"column":19},"end":{"line":33,"column":75}},"type":"cond-expr","locations":[{"start":{"line":33,"column":48},"end":{"line":33,"column":59}},{"start":{"line":33,"column":62},"end":{"line":33,"column":75}}],"line":33},"3":{"loc":{"start":{"line":39,"column":21},"end":{"line":39,"column":132}},"type":"cond-expr","locations":[{"start":{"line":39,"column":52},"end":{"line":39,"column":65}},{"start":{"line":39,"column":68},"end":{"line":39,"column":132}}],"line":39},"4":{"loc":{"start":{"line":39,"column":68},"end":{"line":39,"column":132}},"type":"cond-expr","locations":[{"start":{"line":39,"column":84},"end":{"line":39,"column":127}},{"start":{"line":39,"column":130},"end":{"line":39,"column":132}}],"line":39},"5":{"loc":{"start":{"line":69,"column":4},"end":{"line":71,"column":5}},"type":"if","locations":[{"start":{"line":69,"column":4},"end":{"line":71,"column":5}},{"start":{},"end":{}}],"line":69},"6":{"loc":{"start":{"line":77,"column":4},"end":{"line":79,"column":5}},"type":"if","locations":[{"start":{"line":77,"column":4},"end":{"line":79,"column":5}},{"start":{},"end":{}}],"line":77},"7":{"loc":{"start":{"line":77,"column":8},"end":{"line":77,"column":50}},"type":"binary-expr","locations":[{"start":{"line":77,"column":8},"end":{"line":77,"column":16}},{"start":{"line":77,"column":20},"end":{"line":77,"column":31}},{"start":{"line":77,"column":35},"end":{"line":77,"column":50}}],"line":77},"8":{"loc":{"start":{"line":96,"column":45},"end":{"line":96,"column":59}},"type":"binary-expr","locations":[{"start":{"line":96,"column":45},"end":{"line":96,"column":53}},{"start":{"line":96,"column":57},"end":{"line":96,"column":59}}],"line":96},"9":{"loc":{"start":{"line":109,"column":4},"end":{"line":111,"column":5}},"type":"if","locations":[{"start":{"line":109,"column":4},"end":{"line":111,"column":5}},{"start":{},"end":{}}],"line":109},"10":{"loc":{"start":{"line":114,"column":4},"end":{"line":116,"column":5}},"type":"if","locations":[{"start":{"line":114,"column":4},"end":{"line":116,"column":5}},{"start":{},"end":{}}],"line":114},"11":{"loc":{"start":{"line":150,"column":4},"end":{"line":152,"column":5}},"type":"if","locations":[{"start":{"line":150,"column":4},"end":{"line":152,"column":5}},{"start":{},"end":{}}],"line":150},"12":{"loc":{"start":{"line":155,"column":4},"end":{"line":157,"column":5}},"type":"if","locations":[{"start":{"line":155,"column":4},"end":{"line":157,"column":5}},{"start":{},"end":{}}],"line":155},"13":{"loc":{"start":{"line":160,"column":20},"end":{"line":160,"column":42}},"type":"binary-expr","locations":[{"start":{"line":160,"column":20},"end":{"line":160,"column":25}},{"start":{"line":160,"column":29},"end":{"line":160,"column":42}}],"line":160},"14":{"loc":{"start":{"line":161,"column":21},"end":{"line":161,"column":45}},"type":"binary-expr","locations":[{"start":{"line":161,"column":21},"end":{"line":161,"column":27}},{"start":{"line":161,"column":31},"end":{"line":161,"column":45}}],"line":161},"15":{"loc":{"start":{"line":162,"column":23},"end":{"line":162,"column":51}},"type":"binary-expr","locations":[{"start":{"line":162,"column":23},"end":{"line":162,"column":31}},{"start":{"line":162,"column":35},"end":{"line":162,"column":51}}],"line":162},"16":{"loc":{"start":{"line":163,"column":24},"end":{"line":163,"column":54}},"type":"binary-expr","locations":[{"start":{"line":163,"column":24},"end":{"line":163,"column":33}},{"start":{"line":163,"column":37},"end":{"line":163,"column":54}}],"line":163},"17":{"loc":{"start":{"line":164,"column":22},"end":{"line":164,"column":48}},"type":"binary-expr","locations":[{"start":{"line":164,"column":22},"end":{"line":164,"column":29}},{"start":{"line":164,"column":33},"end":{"line":164,"column":48}}],"line":164},"18":{"loc":{"start":{"line":165,"column":26},"end":{"line":165,"column":82}},"type":"cond-expr","locations":[{"start":{"line":165,"column":55},"end":{"line":165,"column":66}},{"start":{"line":165,"column":69},"end":{"line":165,"column":82}}],"line":165},"19":{"loc":{"start":{"line":166,"column":17},"end":{"line":166,"column":33}},"type":"binary-expr","locations":[{"start":{"line":166,"column":17},"end":{"line":166,"column":19}},{"start":{"line":166,"column":23},"end":{"line":166,"column":33}}],"line":166},"20":{"loc":{"start":{"line":167,"column":26},"end":{"line":167,"column":60}},"type":"binary-expr","locations":[{"start":{"line":167,"column":26},"end":{"line":167,"column":37}},{"start":{"line":167,"column":41},"end":{"line":167,"column":60}}],"line":167},"21":{"loc":{"start":{"line":168,"column":25},"end":{"line":168,"column":57}},"type":"binary-expr","locations":[{"start":{"line":168,"column":25},"end":{"line":168,"column":35}},{"start":{"line":168,"column":39},"end":{"line":168,"column":57}}],"line":168},"22":{"loc":{"start":{"line":169,"column":21},"end":{"line":169,"column":45}},"type":"binary-expr","locations":[{"start":{"line":169,"column":21},"end":{"line":169,"column":27}},{"start":{"line":169,"column":31},"end":{"line":169,"column":45}}],"line":169},"23":{"loc":{"start":{"line":170,"column":25},"end":{"line":170,"column":57}},"type":"binary-expr","locations":[{"start":{"line":170,"column":25},"end":{"line":170,"column":35}},{"start":{"line":170,"column":39},"end":{"line":170,"column":57}}],"line":170},"24":{"loc":{"start":{"line":171,"column":28},"end":{"line":175,"column":29}},"type":"cond-expr","locations":[{"start":{"line":172,"column":8},"end":{"line":172,"column":21}},{"start":{"line":173,"column":8},"end":{"line":175,"column":29}}],"line":171},"25":{"loc":{"start":{"line":173,"column":8},"end":{"line":175,"column":29}},"type":"cond-expr","locations":[{"start":{"line":174,"column":8},"end":{"line":174,"column":51}},{"start":{"line":175,"column":8},"end":{"line":175,"column":29}}],"line":173},"26":{"loc":{"start":{"line":191,"column":4},"end":{"line":193,"column":5}},"type":"if","locations":[{"start":{"line":191,"column":4},"end":{"line":193,"column":5}},{"start":{},"end":{}}],"line":191},"27":{"loc":{"start":{"line":191,"column":8},"end":{"line":191,"column":71}},"type":"binary-expr","locations":[{"start":{"line":191,"column":8},"end":{"line":191,"column":16}},{"start":{"line":191,"column":20},"end":{"line":191,"column":71}}],"line":191},"28":{"loc":{"start":{"line":209,"column":4},"end":{"line":211,"column":5}},"type":"if","locations":[{"start":{"line":209,"column":4},"end":{"line":211,"column":5}},{"start":{},"end":{}}],"line":209},"29":{"loc":{"start":{"line":209,"column":8},"end":{"line":209,"column":71}},"type":"binary-expr","locations":[{"start":{"line":209,"column":8},"end":{"line":209,"column":16}},{"start":{"line":209,"column":20},"end":{"line":209,"column":71}}],"line":209},"30":{"loc":{"start":{"line":227,"column":4},"end":{"line":229,"column":5}},"type":"if","locations":[{"start":{"line":227,"column":4},"end":{"line":229,"column":5}},{"start":{},"end":{}}],"line":227},"31":{"loc":{"start":{"line":248,"column":4},"end":{"line":250,"column":5}},"type":"if","locations":[{"start":{"line":248,"column":4},"end":{"line":250,"column":5}},{"start":{},"end":{}}],"line":248},"32":{"loc":{"start":{"line":253,"column":4},"end":{"line":255,"column":5}},"type":"if","locations":[{"start":{"line":253,"column":4},"end":{"line":255,"column":5}},{"start":{},"end":{}}],"line":253},"33":{"loc":{"start":{"line":257,"column":4},"end":{"line":259,"column":5}},"type":"if","locations":[{"start":{"line":257,"column":4},"end":{"line":259,"column":5}},{"start":{},"end":{}}],"line":257},"34":{"loc":{"start":{"line":262,"column":4},"end":{"line":265,"column":5}},"type":"if","locations":[{"start":{"line":262,"column":4},"end":{"line":265,"column":5}},{"start":{},"end":{}}],"line":262}},"s":{"0":2,"1":2,"2":2,"3":1,"4":1,"5":1,"6":0,"7":1,"8":0,"9":1,"10":1,"11":0,"12":0,"13":2,"14":0,"15":0,"16":0,"17":0,"18":0,"19":2,"20":0,"21":0,"22":0,"23":0,"24":0,"25":0,"26":0,"27":0,"28":0,"29":0,"30":0,"31":0,"32":2,"33":0,"34":0,"35":0,"36":0,"37":0,"38":2,"39":0,"40":0,"41":0,"42":0,"43":0,"44":0,"45":0,"46":0,"47":0,"48":0,"49":2,"50":0,"51":0,"52":0,"53":0,"54":0,"55":0,"56":0,"57":0,"58":0,"59":0,"60":0,"61":0,"62":0,"63":0,"64":0,"65":0,"66":0,"67":0,"68":0,"69":0,"70":0,"71":0,"72":0,"73":0,"74":0,"75":2,"76":0,"77":0,"78":0,"79":0,"80":0,"81":0,"82":0,"83":2,"84":0,"85":0,"86":0,"87":0,"88":0,"89":0,"90":0,"91":0,"92":2,"93":0,"94":0,"95":0,"96":0,"97":0,"98":0,"99":0,"100":0,"101":2,"102":0,"103":0,"104":0,"105":0,"106":0,"107":0,"108":0,"109":0,"110":0,"111":0,"112":0,"113":0,"114":0,"115":0,"116":0,"117":0},"f":{"0":1,"1":0,"2":0,"3":0,"4":0,"5":0,"6":0,"7":0,"8":0,"9":0,"10":0,"11":0},"b":{"0":[0,1],"1":[1,1,1,1,1,1,1,1],"2":[1,0],"3":[1,0],"4":[0,0],"5":[0,0],"6":[0,0],"7":[0,0,0],"8":[0,0],"9":[0,0],"10":[0,0],"11":[0,0],"12":[0,0],"13":[0,0],"14":[0,0],"15":[0,0],"16":[0,0],"17":[0,0],"18":[0,0],"19":[0,0],"20":[0,0],"21":[0,0],"22":[0,0],"23":[0,0],"24":[0,0],"25":[0,0],"26":[0,0],"27":[0,0],"28":[0,0],"29":[0,0],"30":[0,0],"31":[0,0],"32":[0,0],"33":[0,0],"34":[0,0]},"_coverageSchema":"1a1c01bbd47fc00a2c39e90264f33305004495a9","hash":"1f92fc9efe436f6a880df187f7213f0d7eaf9bf5"}
,"C:\\Users\\lilim\\OneDrive\\Desktop\\thendo\\UniResCollab\\BackEnd\\Controllers\\toolsController.js": {"path":"C:\\Users\\lilim\\OneDrive\\Desktop\\thendo\\UniResCollab\\BackEnd\\Controllers\\toolsController.js","statementMap":{"0":{"start":{"line":1,"column":13},"end":{"line":1,"column":43}},"1":{"start":{"line":4,"column":0},"end":{"line":12,"column":2}},"2":{"start":{"line":5,"column":2},"end":{"line":11,"column":3}},"3":{"start":{"line":6,"column":18},"end":{"line":6,"column":35}},"4":{"start":{"line":7,"column":4},"end":{"line":7,"column":35}},"5":{"start":{"line":9,"column":4},"end":{"line":9,"column":25}},"6":{"start":{"line":10,"column":4},"end":{"line":10,"column":48}},"7":{"start":{"line":15,"column":0},"end":{"line":31,"column":2}},"8":{"start":{"line":16,"column":2},"end":{"line":30,"column":3}},"9":{"start":{"line":17,"column":47},"end":{"line":17,"column":55}},"10":{"start":{"line":19,"column":17},"end":{"line":23,"column":6}},"11":{"start":{"line":25,"column":4},"end":{"line":25,"column":22}},"12":{"start":{"line":26,"column":4},"end":{"line":26,"column":33}},"13":{"start":{"line":28,"column":4},"end":{"line":28,"column":25}},"14":{"start":{"line":29,"column":4},"end":{"line":29,"column":54}},"15":{"start":{"line":34,"column":0},"end":{"line":42,"column":2}},"16":{"start":{"line":35,"column":2},"end":{"line":41,"column":3}},"17":{"start":{"line":36,"column":18},"end":{"line":36,"column":35}},"18":{"start":{"line":37,"column":4},"end":{"line":37,"column":20}},"19":{"start":{"line":39,"column":4},"end":{"line":39,"column":25}},"20":{"start":{"line":40,"column":4},"end":{"line":40,"column":52}},"21":{"start":{"line":45,"column":0},"end":{"line":56,"column":2}},"22":{"start":{"line":46,"column":2},"end":{"line":55,"column":3}},"23":{"start":{"line":47,"column":17},"end":{"line":47,"column":51}},"24":{"start":{"line":48,"column":4},"end":{"line":48,"column":61}},"25":{"start":{"line":48,"column":15},"end":{"line":48,"column":61}},"26":{"start":{"line":50,"column":4},"end":{"line":50,"column":38}},"27":{"start":{"line":51,"column":4},"end":{"line":51,"column":24}},"28":{"start":{"line":53,"column":4},"end":{"line":53,"column":25}},"29":{"start":{"line":54,"column":4},"end":{"line":54,"column":51}}},"fnMap":{"0":{"name":"(anonymous_0)","decl":{"start":{"line":4,"column":24},"end":{"line":4,"column":25}},"loc":{"start":{"line":4,"column":44},"end":{"line":12,"column":1}},"line":4},"1":{"name":"(anonymous_1)","decl":{"start":{"line":15,"column":21},"end":{"line":15,"column":22}},"loc":{"start":{"line":15,"column":41},"end":{"line":31,"column":1}},"line":15},"2":{"name":"(anonymous_2)","decl":{"start":{"line":34,"column":20},"end":{"line":34,"column":21}},"loc":{"start":{"line":34,"column":40},"end":{"line":42,"column":1}},"line":34},"3":{"name":"(anonymous_3)","decl":{"start":{"line":45,"column":23},"end":{"line":45,"column":24}},"loc":{"start":{"line":45,"column":43},"end":{"line":56,"column":1}},"line":45}},"branchMap":{"0":{"loc":{"start":{"line":48,"column":4},"end":{"line":48,"column":61}},"type":"if","locations":[{"start":{"line":48,"column":4},"end":{"line":48,"column":61}},{"start":{},"end":{}}],"line":48}},"s":{"0":1,"1":1,"2":0,"3":0,"4":0,"5":0,"6":0,"7":1,"8":0,"9":0,"10":0,"11":0,"12":0,"13":0,"14":0,"15":1,"16":0,"17":0,"18":0,"19":0,"20":0,"21":1,"22":0,"23":0,"24":0,"25":0,"26":0,"27":0,"28":0,"29":0},"f":{"0":0,"1":0,"2":0,"3":0},"b":{"0":[0,0]},"_coverageSchema":"1a1c01bbd47fc00a2c39e90264f33305004495a9","hash":"73a8006c1e21034df05c4ab532bdfcdb1a92697f"}
,"C:\\Users\\lilim\\OneDrive\\Desktop\\thendo\\UniResCollab\\BackEnd\\Controllers\\userController.js": {"path":"C:\\Users\\lilim\\OneDrive\\Desktop\\thendo\\UniResCollab\\BackEnd\\Controllers\\userController.js","statementMap":{"0":{"start":{"line":1,"column":19},"end":{"line":1,"column":49}},"1":{"start":{"line":2,"column":15},"end":{"line":2,"column":32}},"2":{"start":{"line":3,"column":16},"end":{"line":3,"column":44}},"3":{"start":{"line":7,"column":0},"end":{"line":45,"column":2}},"4":{"start":{"line":9,"column":8},"end":{"line":9,"column":32}},"5":{"start":{"line":12,"column":8},"end":{"line":12,"column":35}},"6":{"start":{"line":15,"column":26},"end":{"line":15,"column":65}},"7":{"start":{"line":16,"column":8},"end":{"line":16,"column":57}},"8":{"start":{"line":19,"column":8},"end":{"line":36,"column":9}},"9":{"start":{"line":21,"column":30},"end":{"line":21,"column":69}},"10":{"start":{"line":24,"column":29},"end":{"line":29,"column":14}},"11":{"start":{"line":32,"column":12},"end":{"line":32,"column":92}},"12":{"start":{"line":34,"column":12},"end":{"line":34,"column":59}},"13":{"start":{"line":35,"column":12},"end":{"line":35,"column":67}},"14":{"start":{"line":39,"column":26},"end":{"line":39,"column":65}},"15":{"start":{"line":40,"column":8},"end":{"line":40,"column":60}},"16":{"start":{"line":43,"column":8},"end":{"line":43,"column":45}}},"fnMap":{"0":{"name":"(anonymous_0)","decl":{"start":{"line":8,"column":13},"end":{"line":8,"column":14}},"loc":{"start":{"line":8,"column":27},"end":{"line":10,"column":5}},"line":8},"1":{"name":"(anonymous_1)","decl":{"start":{"line":11,"column":14},"end":{"line":11,"column":15}},"loc":{"start":{"line":11,"column":28},"end":{"line":13,"column":5}},"line":11},"2":{"name":"(anonymous_2)","decl":{"start":{"line":14,"column":15},"end":{"line":14,"column":16}},"loc":{"start":{"line":14,"column":35},"end":{"line":17,"column":5}},"line":14},"3":{"name":"(anonymous_3)","decl":{"start":{"line":18,"column":20},"end":{"line":18,"column":21}},"loc":{"start":{"line":18,"column":40},"end":{"line":37,"column":5}},"line":18},"4":{"name":"(anonymous_4)","decl":{"start":{"line":38,"column":18},"end":{"line":38,"column":19}},"loc":{"start":{"line":38,"column":38},"end":{"line":41,"column":5}},"line":38},"5":{"name":"(anonymous_5)","decl":{"start":{"line":42,"column":11},"end":{"line":42,"column":12}},"loc":{"start":{"line":42,"column":25},"end":{"line":44,"column":5}},"line":42}},"branchMap":{"0":{"loc":{"start":{"line":32,"column":74},"end":{"line":32,"column":88}},"type":"binary-expr","locations":[{"start":{"line":32,"column":74},"end":{"line":32,"column":82}},{"start":{"line":32,"column":86},"end":{"line":32,"column":88}}],"line":32}},"s":{"0":3,"1":3,"2":3,"3":3,"4":1,"5":1,"6":1,"7":1,"8":2,"9":2,"10":2,"11":1,"12":1,"13":1,"14":1,"15":1,"16":1},"f":{"0":1,"1":1,"2":1,"3":2,"4":1,"5":1},"b":{"0":[1,0]},"_coverageSchema":"1a1c01bbd47fc00a2c39e90264f33305004495a9","hash":"2efaa2675d234e1e820cd726a0a0dbaaba33d74e"}
,"C:\\Users\\lilim\\OneDrive\\Desktop\\thendo\\UniResCollab\\BackEnd\\Models\\Expense.js": {"path":"C:\\Users\\lilim\\OneDrive\\Desktop\\thendo\\UniResCollab\\BackEnd\\Models\\Expense.js","statementMap":{"0":{"start":{"line":1,"column":17},"end":{"line":1,"column":36}},"1":{"start":{"line":3,"column":22},"end":{"line":9,"column":2}},"2":{"start":{"line":11,"column":0},"end":{"line":11,"column":58}}},"fnMap":{},"branchMap":{},"s":{"0":1,"1":1,"2":1},"f":{},"b":{},"_coverageSchema":"1a1c01bbd47fc00a2c39e90264f33305004495a9","hash":"aaa3dd14c81f24f9f7a0f5240446198e63dc5969"}
,"C:\\Users\\lilim\\OneDrive\\Desktop\\thendo\\UniResCollab\\BackEnd\\Models\\Funding.js": {"path":"C:\\Users\\lilim\\OneDrive\\Desktop\\thendo\\UniResCollab\\BackEnd\\Models\\Funding.js","statementMap":{"0":{"start":{"line":1,"column":17},"end":{"line":1,"column":36}},"1":{"start":{"line":3,"column":22},"end":{"line":11,"column":24}},"2":{"start":{"line":13,"column":0},"end":{"line":13,"column":58}}},"fnMap":{},"branchMap":{},"s":{"0":1,"1":1,"2":1},"f":{},"b":{},"_coverageSchema":"1a1c01bbd47fc00a2c39e90264f33305004495a9","hash":"944e97188cb3c18a7fdc9aad4ba5bacdec1d5113"}
,"C:\\Users\\lilim\\OneDrive\\Desktop\\thendo\\UniResCollab\\BackEnd\\Models\\FundingRequirement.js": {"path":"C:\\Users\\lilim\\OneDrive\\Desktop\\thendo\\UniResCollab\\BackEnd\\Models\\FundingRequirement.js","statementMap":{"0":{"start":{"line":1,"column":17},"end":{"line":1,"column":36}},"1":{"start":{"line":3,"column":33},"end":{"line":9,"column":2}},"2":{"start":{"line":11,"column":0},"end":{"line":11,"column":80}}},"fnMap":{},"branchMap":{},"s":{"0":1,"1":1,"2":1},"f":{},"b":{},"_coverageSchema":"1a1c01bbd47fc00a2c39e90264f33305004495a9","hash":"570b6d111dfab5e425bf7465b55aadde285c36ae"}
,"C:\\Users\\lilim\\OneDrive\\Desktop\\thendo\\UniResCollab\\BackEnd\\Models\\Message.js": {"path":"C:\\Users\\lilim\\OneDrive\\Desktop\\thendo\\UniResCollab\\BackEnd\\Models\\Message.js","statementMap":{"0":{"start":{"line":1,"column":17},"end":{"line":1,"column":36}},"1":{"start":{"line":3,"column":22},"end":{"line":22,"column":2}},"2":{"start":{"line":24,"column":0},"end":{"line":24,"column":58}}},"fnMap":{},"branchMap":{},"s":{"0":1,"1":1,"2":1},"f":{},"b":{},"_coverageSchema":"1a1c01bbd47fc00a2c39e90264f33305004495a9","hash":"edb3d28ad3b7d3d76b7b1fefc2c5a4249a5c90f3"}
,"C:\\Users\\lilim\\OneDrive\\Desktop\\thendo\\UniResCollab\\BackEnd\\Models\\fileModel.js": {"path":"C:\\Users\\lilim\\OneDrive\\Desktop\\thendo\\UniResCollab\\BackEnd\\Models\\fileModel.js","statementMap":{"0":{"start":{"line":1,"column":17},"end":{"line":1,"column":36}},"1":{"start":{"line":3,"column":19},"end":{"line":7,"column":2}},"2":{"start":{"line":9,"column":13},"end":{"line":9,"column":47}},"3":{"start":{"line":11,"column":0},"end":{"line":11,"column":22}}},"fnMap":{},"branchMap":{},"s":{"0":1,"1":1,"2":1,"3":1},"f":{},"b":{},"_coverageSchema":"1a1c01bbd47fc00a2c39e90264f33305004495a9","hash":"030e9cda4207bc75a8594af743bb0d47b44c42e4"}
,"C:\\Users\\lilim\\OneDrive\\Desktop\\thendo\\UniResCollab\\BackEnd\\Models\\project.js": {"path":"C:\\Users\\lilim\\OneDrive\\Desktop\\thendo\\UniResCollab\\BackEnd\\Models\\project.js","statementMap":{"0":{"start":{"line":1,"column":17},"end":{"line":1,"column":36}},"1":{"start":{"line":3,"column":22},"end":{"line":59,"column":2}},"2":{"start":{"line":61,"column":0},"end":{"line":61,"column":59}}},"fnMap":{},"branchMap":{},"s":{"0":3,"1":3,"2":3},"f":{},"b":{},"_coverageSchema":"1a1c01bbd47fc00a2c39e90264f33305004495a9","hash":"eeee5b9c0364f85561cfa88610b5b0cf5e1e4d57"}
,"C:\\Users\\lilim\\OneDrive\\Desktop\\thendo\\UniResCollab\\BackEnd\\Models\\userModel.js": {"path":"C:\\Users\\lilim\\OneDrive\\Desktop\\thendo\\UniResCollab\\BackEnd\\Models\\userModel.js","statementMap":{"0":{"start":{"line":1,"column":17},"end":{"line":1,"column":36}},"1":{"start":{"line":3,"column":19},"end":{"line":22,"column":2}},"2":{"start":{"line":24,"column":0},"end":{"line":24,"column":53}}},"fnMap":{},"branchMap":{},"s":{"0":3,"1":3,"2":3},"f":{},"b":{},"_coverageSchema":"1a1c01bbd47fc00a2c39e90264f33305004495a9","hash":"12dcd007e4af02ed3adddedd8d5c65a940020ef5"}
,"C:\\Users\\lilim\\OneDrive\\Desktop\\thendo\\UniResCollab\\BackEnd\\Routes\\authRoutes.js": {"path":"C:\\Users\\lilim\\OneDrive\\Desktop\\thendo\\UniResCollab\\BackEnd\\Routes\\authRoutes.js","statementMap":{"0":{"start":{"line":1,"column":16},"end":{"line":1,"column":34}},"1":{"start":{"line":2,"column":17},"end":{"line":2,"column":36}},"2":{"start":{"line":3,"column":23},"end":{"line":3,"column":63}},"3":{"start":{"line":5,"column":15},"end":{"line":5,"column":31}},"4":{"start":{"line":8,"column":0},"end":{"line":8,"column":88}},"5":{"start":{"line":9,"column":0},"end":{"line":9,"column":126}},"6":{"start":{"line":13,"column":0},"end":{"line":13,"column":82}},"7":{"start":{"line":14,"column":0},"end":{"line":14,"column":126}},"8":{"start":{"line":17,"column":0},"end":{"line":17,"column":47}},"9":{"start":{"line":19,"column":0},"end":{"line":19,"column":24}}},"fnMap":{},"branchMap":{},"s":{"0":1,"1":1,"2":1,"3":1,"4":1,"5":1,"6":1,"7":1,"8":1,"9":1},"f":{},"b":{},"_coverageSchema":"1a1c01bbd47fc00a2c39e90264f33305004495a9","hash":"63b876651fac624d4ce041b8043b7c216156bcd4"}
,"C:\\Users\\lilim\\OneDrive\\Desktop\\thendo\\UniResCollab\\BackEnd\\Routes\\fileRouters.js": {"path":"C:\\Users\\lilim\\OneDrive\\Desktop\\thendo\\UniResCollab\\BackEnd\\Routes\\fileRouters.js","statementMap":{"0":{"start":{"line":1,"column":16},"end":{"line":1,"column":34}},"1":{"start":{"line":2,"column":15},"end":{"line":2,"column":31}},"2":{"start":{"line":3,"column":15},"end":{"line":3,"column":32}},"3":{"start":{"line":4,"column":23},"end":{"line":4,"column":64}},"4":{"start":{"line":6,"column":16},"end":{"line":6,"column":38}},"5":{"start":{"line":7,"column":15},"end":{"line":7,"column":34}},"6":{"start":{"line":9,"column":0},"end":{"line":9,"column":51}},"7":{"start":{"line":10,"column":0},"end":{"line":10,"column":72}},"8":{"start":{"line":11,"column":0},"end":{"line":11,"column":50}},"9":{"start":{"line":12,"column":0},"end":{"line":12,"column":54}},"10":{"start":{"line":14,"column":0},"end":{"line":14,"column":24}}},"fnMap":{},"branchMap":{},"s":{"0":2,"1":2,"2":2,"3":2,"4":2,"5":2,"6":2,"7":2,"8":2,"9":2,"10":2},"f":{},"b":{},"_coverageSchema":"1a1c01bbd47fc00a2c39e90264f33305004495a9","hash":"ca243d18c7e65aea8a95b53c55bf0bd05308f8d0"}
,"C:\\Users\\lilim\\OneDrive\\Desktop\\thendo\\UniResCollab\\BackEnd\\Routes\\projectRouter.js": {"path":"C:\\Users\\lilim\\OneDrive\\Desktop\\thendo\\UniResCollab\\BackEnd\\Routes\\projectRouter.js","statementMap":{"0":{"start":{"line":1,"column":16},"end":{"line":1,"column":34}},"1":{"start":{"line":2,"column":15},"end":{"line":2,"column":31}},"2":{"start":{"line":3,"column":26},"end":{"line":3,"column":69}},"3":{"start":{"line":4,"column":23},"end":{"line":4,"column":63}},"4":{"start":{"line":5,"column":50},"end":{"line":5,"column":89}},"5":{"start":{"line":6,"column":14},"end":{"line":6,"column":38}},"6":{"start":{"line":7,"column":16},"end":{"line":7,"column":44}},"7":{"start":{"line":8,"column":13},"end":{"line":8,"column":43}},"8":{"start":{"line":13,"column":0},"end":{"line":13,"column":20}},"9":{"start":{"line":17,"column":0},"end":{"line":19,"column":3}},"10":{"start":{"line":18,"column":2},"end":{"line":18,"column":23}},"11":{"start":{"line":23,"column":0},"end":{"line":23,"column":77}},"12":{"start":{"line":26,"column":0},"end":{"line":26,"column":81}},"13":{"start":{"line":29,"column":0},"end":{"line":29,"column":94}},"14":{"start":{"line":31,"column":0},"end":{"line":31,"column":98}},"15":{"start":{"line":33,"column":0},"end":{"line":33,"column":93}},"16":{"start":{"line":35,"column":0},"end":{"line":35,"column":99}},"17":{"start":{"line":37,"column":0},"end":{"line":37,"column":123}},"18":{"start":{"line":39,"column":0},"end":{"line":39,"column":66}},"19":{"start":{"line":41,"column":0},"end":{"line":41,"column":88}},"20":{"start":{"line":44,"column":0},"end":{"line":63,"column":3}},"21":{"start":{"line":45,"column":24},"end":{"line":45,"column":34}},"22":{"start":{"line":47,"column":2},"end":{"line":62,"column":3}},"23":{"start":{"line":48,"column":20},"end":{"line":48,"column":53}},"24":{"start":{"line":49,"column":4},"end":{"line":51,"column":5}},"25":{"start":{"line":50,"column":6},"end":{"line":50,"column":55}},"26":{"start":{"line":54,"column":4},"end":{"line":58,"column":7}},"27":{"start":{"line":60,"column":4},"end":{"line":60,"column":23}},"28":{"start":{"line":61,"column":4},"end":{"line":61,"column":41}},"29":{"start":{"line":66,"column":0},"end":{"line":84,"column":3}},"30":{"start":{"line":67,"column":34},"end":{"line":67,"column":42}},"31":{"start":{"line":69,"column":2},"end":{"line":83,"column":3}},"32":{"start":{"line":70,"column":20},"end":{"line":70,"column":53}},"33":{"start":{"line":71,"column":4},"end":{"line":73,"column":5}},"34":{"start":{"line":72,"column":6},"end":{"line":72,"column":84}},"35":{"start":{"line":76,"column":4},"end":{"line":76,"column":78}},"36":{"start":{"line":76,"column":62},"end":{"line":76,"column":76}},"37":{"start":{"line":77,"column":4},"end":{"line":77,"column":25}},"38":{"start":{"line":79,"column":4},"end":{"line":79,"column":32}},"39":{"start":{"line":81,"column":4},"end":{"line":81,"column":25}},"40":{"start":{"line":82,"column":4},"end":{"line":82,"column":70}},"41":{"start":{"line":86,"column":0},"end":{"line":94,"column":3}},"42":{"start":{"line":87,"column":2},"end":{"line":93,"column":3}},"43":{"start":{"line":88,"column":21},"end":{"line":88,"column":43}},"44":{"start":{"line":89,"column":4},"end":{"line":89,"column":45}},"45":{"start":{"line":91,"column":4},"end":{"line":91,"column":23}},"46":{"start":{"line":92,"column":4},"end":{"line":92,"column":41}},"47":{"start":{"line":97,"column":0},"end":{"line":115,"column":3}},"48":{"start":{"line":98,"column":27},"end":{"line":98,"column":44}},"49":{"start":{"line":100,"column":2},"end":{"line":114,"column":3}},"50":{"start":{"line":102,"column":17},"end":{"line":102,"column":76}},"51":{"start":{"line":103,"column":4},"end":{"line":105,"column":5}},"52":{"start":{"line":104,"column":6},"end":{"line":104,"column":82}},"53":{"start":{"line":108,"column":4},"end":{"line":108,"column":49}},"54":{"start":{"line":110,"column":4},"end":{"line":110,"column":90}},"55":{"start":{"line":112,"column":4},"end":{"line":112,"column":60}},"56":{"start":{"line":113,"column":4},"end":{"line":113,"column":79}},"57":{"start":{"line":116,"column":0},"end":{"line":116,"column":24}}},"fnMap":{"0":{"name":"(anonymous_0)","decl":{"start":{"line":17,"column":42},"end":{"line":17,"column":43}},"loc":{"start":{"line":17,"column":56},"end":{"line":19,"column":1}},"line":17},"1":{"name":"(anonymous_1)","decl":{"start":{"line":44,"column":40},"end":{"line":44,"column":41}},"loc":{"start":{"line":44,"column":60},"end":{"line":63,"column":1}},"line":44},"2":{"name":"(anonymous_2)","decl":{"start":{"line":66,"column":35},"end":{"line":66,"column":36}},"loc":{"start":{"line":66,"column":55},"end":{"line":84,"column":1}},"line":66},"3":{"name":"(anonymous_3)","decl":{"start":{"line":76,"column":57},"end":{"line":76,"column":58}},"loc":{"start":{"line":76,"column":62},"end":{"line":76,"column":76}},"line":76},"4":{"name":"(anonymous_4)","decl":{"start":{"line":86,"column":19},"end":{"line":86,"column":20}},"loc":{"start":{"line":86,"column":39},"end":{"line":94,"column":1}},"line":86},"5":{"name":"(anonymous_5)","decl":{"start":{"line":97,"column":29},"end":{"line":97,"column":30}},"loc":{"start":{"line":97,"column":49},"end":{"line":115,"column":1}},"line":97}},"branchMap":{"0":{"loc":{"start":{"line":49,"column":4},"end":{"line":51,"column":5}},"type":"if","locations":[{"start":{"line":49,"column":4},"end":{"line":51,"column":5}},{"start":{},"end":{}}],"line":49},"1":{"loc":{"start":{"line":71,"column":4},"end":{"line":73,"column":5}},"type":"if","locations":[{"start":{"line":71,"column":4},"end":{"line":73,"column":5}},{"start":{},"end":{}}],"line":71},"2":{"loc":{"start":{"line":103,"column":4},"end":{"line":105,"column":5}},"type":"if","locations":[{"start":{"line":103,"column":4},"end":{"line":105,"column":5}},{"start":{},"end":{}}],"line":103}},"s":{"0":2,"1":2,"2":2,"3":2,"4":2,"5":2,"6":2,"7":2,"8":2,"9":2,"10":1,"11":2,"12":2,"13":2,"14":2,"15":2,"16":2,"17":2,"18":2,"19":2,"20":2,"21":0,"22":0,"23":0,"24":0,"25":0,"26":0,"27":0,"28":0,"29":2,"30":0,"31":0,"32":0,"33":0,"34":0,"35":0,"36":0,"37":0,"38":0,"39":0,"40":0,"41":2,"42":0,"43":0,"44":0,"45":0,"46":0,"47":2,"48":0,"49":0,"50":0,"51":0,"52":0,"53":0,"54":0,"55":0,"56":0,"57":2},"f":{"0":1,"1":0,"2":0,"3":0,"4":0,"5":0},"b":{"0":[0,0],"1":[0,0],"2":[0,0]},"_coverageSchema":"1a1c01bbd47fc00a2c39e90264f33305004495a9","hash":"29fdd5ef0f00637e12dad8af46d4253b48726a49"}
,"C:\\Users\\lilim\\OneDrive\\Desktop\\thendo\\UniResCollab\\BackEnd\\Routes\\toolsRouter.js": {"path":"C:\\Users\\lilim\\OneDrive\\Desktop\\thendo\\UniResCollab\\BackEnd\\Routes\\toolsRouter.js","statementMap":{"0":{"start":{"line":1,"column":16},"end":{"line":1,"column":34}},"1":{"start":{"line":2,"column":15},"end":{"line":2,"column":31}},"2":{"start":{"line":3,"column":24},"end":{"line":3,"column":65}},"3":{"start":{"line":4,"column":50},"end":{"line":4,"column":89}},"4":{"start":{"line":5,"column":16},"end":{"line":5,"column":44}},"5":{"start":{"line":6,"column":13},"end":{"line":6,"column":43}},"6":{"start":{"line":7,"column":16},"end":{"line":7,"column":44}},"7":{"start":{"line":8,"column":27},"end":{"line":8,"column":66}},"8":{"start":{"line":9,"column":16},"end":{"line":9,"column":44}},"9":{"start":{"line":12,"column":0},"end":{"line":14,"column":3}},"10":{"start":{"line":13,"column":4},"end":{"line":13,"column":31}},"11":{"start":{"line":16,"column":0},"end":{"line":18,"column":3}},"12":{"start":{"line":17,"column":4},"end":{"line":17,"column":31}},"13":{"start":{"line":20,"column":0},"end":{"line":22,"column":3}},"14":{"start":{"line":21,"column":4},"end":{"line":21,"column":34}},"15":{"start":{"line":24,"column":0},"end":{"line":26,"column":3}},"16":{"start":{"line":25,"column":4},"end":{"line":25,"column":30}},"17":{"start":{"line":28,"column":0},"end":{"line":30,"column":3}},"18":{"start":{"line":29,"column":4},"end":{"line":29,"column":28}},"19":{"start":{"line":32,"column":0},"end":{"line":47,"column":3}},"20":{"start":{"line":33,"column":4},"end":{"line":46,"column":5}},"21":{"start":{"line":34,"column":8},"end":{"line":36,"column":9}},"22":{"start":{"line":35,"column":12},"end":{"line":35,"column":42}},"23":{"start":{"line":38,"column":23},"end":{"line":38,"column":35}},"24":{"start":{"line":40,"column":22},"end":{"line":40,"column":63}},"25":{"start":{"line":42,"column":8},"end":{"line":42,"column":41}},"26":{"start":{"line":44,"column":8},"end":{"line":44,"column":55}},"27":{"start":{"line":45,"column":8},"end":{"line":45,"column":54}},"28":{"start":{"line":49,"column":0},"end":{"line":75,"column":3}},"29":{"start":{"line":50,"column":4},"end":{"line":74,"column":5}},"30":{"start":{"line":51,"column":23},"end":{"line":51,"column":35}},"31":{"start":{"line":52,"column":25},"end":{"line":52,"column":44}},"32":{"start":{"line":55,"column":25},"end":{"line":60,"column":33}},"33":{"start":{"line":62,"column":23},"end":{"line":62,"column":52}},"34":{"start":{"line":65,"column":8},"end":{"line":70,"column":11}},"35":{"start":{"line":72,"column":8},"end":{"line":72,"column":29}},"36":{"start":{"line":73,"column":8},"end":{"line":73,"column":45}},"37":{"start":{"line":79,"column":0},"end":{"line":102,"column":5}},"38":{"start":{"line":80,"column":4},"end":{"line":101,"column":5}},"39":{"start":{"line":81,"column":22},"end":{"line":81,"column":72}},"40":{"start":{"line":83,"column":6},"end":{"line":85,"column":7}},"41":{"start":{"line":84,"column":8},"end":{"line":84,"column":64}},"42":{"start":{"line":87,"column":23},"end":{"line":87,"column":70}},"43":{"start":{"line":88,"column":25},"end":{"line":88,"column":75}},"44":{"start":{"line":88,"column":55},"end":{"line":88,"column":71}},"45":{"start":{"line":89,"column":24},"end":{"line":89,"column":56}},"46":{"start":{"line":90,"column":26},"end":{"line":90,"column":96}},"47":{"start":{"line":92,"column":6},"end":{"line":97,"column":9}},"48":{"start":{"line":99,"column":6},"end":{"line":99,"column":52}},"49":{"start":{"line":100,"column":6},"end":{"line":100,"column":43}},"50":{"start":{"line":110,"column":0},"end":{"line":128,"column":3}},"51":{"start":{"line":111,"column":4},"end":{"line":127,"column":5}},"52":{"start":{"line":112,"column":25},"end":{"line":112,"column":37}},"53":{"start":{"line":113,"column":38},"end":{"line":113,"column":46}},"54":{"start":{"line":115,"column":27},"end":{"line":120,"column":10}},"55":{"start":{"line":122,"column":8},"end":{"line":122,"column":32}},"56":{"start":{"line":123,"column":8},"end":{"line":123,"column":48}},"57":{"start":{"line":125,"column":8},"end":{"line":125,"column":53}},"58":{"start":{"line":126,"column":8},"end":{"line":126,"column":49}},"59":{"start":{"line":136,"column":0},"end":{"line":158,"column":5}},"60":{"start":{"line":137,"column":4},"end":{"line":157,"column":5}},"61":{"start":{"line":138,"column":22},"end":{"line":138,"column":45}},"62":{"start":{"line":139,"column":23},"end":{"line":139,"column":45}},"63":{"start":{"line":141,"column":25},"end":{"line":141,"column":75}},"64":{"start":{"line":141,"column":55},"end":{"line":141,"column":71}},"65":{"start":{"line":142,"column":24},"end":{"line":142,"column":50}},"66":{"start":{"line":144,"column":6},"end":{"line":148,"column":9}},"67":{"start":{"line":150,"column":6},"end":{"line":150,"column":60}},"68":{"start":{"line":151,"column":6},"end":{"line":156,"column":9}},"69":{"start":{"line":161,"column":0},"end":{"line":187,"column":3}},"70":{"start":{"line":162,"column":2},"end":{"line":186,"column":3}},"71":{"start":{"line":163,"column":77},"end":{"line":163,"column":85}},"72":{"start":{"line":166,"column":28},"end":{"line":166,"column":78}},"73":{"start":{"line":167,"column":4},"end":{"line":170,"column":5}},"74":{"start":{"line":169,"column":6},"end":{"line":169,"column":100}},"75":{"start":{"line":172,"column":23},"end":{"line":179,"column":6}},"76":{"start":{"line":181,"column":4},"end":{"line":181,"column":28}},"77":{"start":{"line":182,"column":4},"end":{"line":182,"column":44}},"78":{"start":{"line":184,"column":4},"end":{"line":184,"column":48}},"79":{"start":{"line":185,"column":4},"end":{"line":185,"column":49}},"80":{"start":{"line":190,"column":0},"end":{"line":202,"column":5}},"81":{"start":{"line":191,"column":4},"end":{"line":201,"column":5}},"82":{"start":{"line":192,"column":27},"end":{"line":194,"column":12}},"83":{"start":{"line":196,"column":20},"end":{"line":196,"column":43}},"84":{"start":{"line":197,"column":6},"end":{"line":197,"column":65}},"85":{"start":{"line":199,"column":6},"end":{"line":199,"column":56}},"86":{"start":{"line":200,"column":6},"end":{"line":200,"column":100}},"87":{"start":{"line":207,"column":2},"end":{"line":233,"column":5}},"88":{"start":{"line":208,"column":4},"end":{"line":232,"column":5}},"89":{"start":{"line":209,"column":49},"end":{"line":209,"column":57}},"90":{"start":{"line":211,"column":6},"end":{"line":213,"column":7}},"91":{"start":{"line":212,"column":8},"end":{"line":212,"column":62}},"92":{"start":{"line":215,"column":22},"end":{"line":215,"column":72}},"93":{"start":{"line":216,"column":6},"end":{"line":218,"column":7}},"94":{"start":{"line":217,"column":8},"end":{"line":217,"column":90}},"95":{"start":{"line":220,"column":29},"end":{"line":226,"column":8}},"96":{"start":{"line":228,"column":6},"end":{"line":228,"column":34}},"97":{"start":{"line":229,"column":6},"end":{"line":229,"column":50}},"98":{"start":{"line":231,"column":6},"end":{"line":231,"column":56}},"99":{"start":{"line":237,"column":2},"end":{"line":245,"column":5}},"100":{"start":{"line":238,"column":4},"end":{"line":244,"column":5}},"101":{"start":{"line":239,"column":6},"end":{"line":239,"column":64}},"102":{"start":{"line":240,"column":6},"end":{"line":240,"column":50}},"103":{"start":{"line":242,"column":6},"end":{"line":242,"column":43}},"104":{"start":{"line":243,"column":6},"end":{"line":243,"column":47}},"105":{"start":{"line":248,"column":2},"end":{"line":265,"column":5}},"106":{"start":{"line":249,"column":4},"end":{"line":264,"column":5}},"107":{"start":{"line":250,"column":49},"end":{"line":250,"column":57}},"108":{"start":{"line":252,"column":6},"end":{"line":259,"column":8}},"109":{"start":{"line":261,"column":6},"end":{"line":261,"column":50}},"110":{"start":{"line":263,"column":6},"end":{"line":263,"column":59}},"111":{"start":{"line":270,"column":2},"end":{"line":301,"column":5}},"112":{"start":{"line":271,"column":4},"end":{"line":300,"column":5}},"113":{"start":{"line":272,"column":21},"end":{"line":272,"column":33}},"114":{"start":{"line":274,"column":22},"end":{"line":274,"column":90}},"115":{"start":{"line":275,"column":6},"end":{"line":281,"column":7}},"116":{"start":{"line":276,"column":8},"end":{"line":280,"column":11}},"117":{"start":{"line":283,"column":23},"end":{"line":283,"column":64}},"118":{"start":{"line":285,"column":25},"end":{"line":285,"column":75}},"119":{"start":{"line":285,"column":55},"end":{"line":285,"column":71}},"120":{"start":{"line":286,"column":24},"end":{"line":286,"column":56}},"121":{"start":{"line":288,"column":6},"end":{"line":292,"column":9}},"122":{"start":{"line":294,"column":6},"end":{"line":294,"column":56}},"123":{"start":{"line":295,"column":6},"end":{"line":299,"column":9}},"124":{"start":{"line":305,"column":2},"end":{"line":338,"column":5}},"125":{"start":{"line":306,"column":4},"end":{"line":337,"column":5}},"126":{"start":{"line":307,"column":44},"end":{"line":307,"column":52}},"127":{"start":{"line":308,"column":21},"end":{"line":308,"column":33}},"128":{"start":{"line":310,"column":22},"end":{"line":310,"column":90}},"129":{"start":{"line":312,"column":6},"end":{"line":318,"column":7}},"130":{"start":{"line":313,"column":8},"end":{"line":317,"column":11}},"131":{"start":{"line":320,"column":22},"end":{"line":326,"column":8}},"132":{"start":{"line":328,"column":6},"end":{"line":328,"column":27}},"133":{"start":{"line":329,"column":6},"end":{"line":329,"column":46}},"134":{"start":{"line":331,"column":6},"end":{"line":331,"column":50}},"135":{"start":{"line":332,"column":6},"end":{"line":336,"column":9}},"136":{"start":{"line":342,"column":2},"end":{"line":362,"column":5}},"137":{"start":{"line":343,"column":4},"end":{"line":361,"column":5}},"138":{"start":{"line":344,"column":44},"end":{"line":344,"column":52}},"139":{"start":{"line":345,"column":21},"end":{"line":345,"column":33}},"140":{"start":{"line":347,"column":22},"end":{"line":347,"column":86}},"141":{"start":{"line":348,"column":6},"end":{"line":350,"column":7}},"142":{"start":{"line":349,"column":8},"end":{"line":349,"column":70}},"143":{"start":{"line":352,"column":6},"end":{"line":352,"column":26}},"144":{"start":{"line":353,"column":6},"end":{"line":353,"column":40}},"145":{"start":{"line":354,"column":6},"end":{"line":354,"column":42}},"146":{"start":{"line":355,"column":6},"end":{"line":355,"column":27}},"147":{"start":{"line":357,"column":6},"end":{"line":357,"column":46}},"148":{"start":{"line":359,"column":6},"end":{"line":359,"column":42}},"149":{"start":{"line":360,"column":6},"end":{"line":360,"column":56}},"150":{"start":{"line":366,"column":2},"end":{"line":381,"column":5}},"151":{"start":{"line":367,"column":4},"end":{"line":380,"column":5}},"152":{"start":{"line":368,"column":21},"end":{"line":368,"column":33}},"153":{"start":{"line":370,"column":22},"end":{"line":370,"column":86}},"154":{"start":{"line":371,"column":6},"end":{"line":373,"column":7}},"155":{"start":{"line":372,"column":8},"end":{"line":372,"column":70}},"156":{"start":{"line":375,"column":6},"end":{"line":375,"column":32}},"157":{"start":{"line":376,"column":6},"end":{"line":376,"column":46}},"158":{"start":{"line":378,"column":6},"end":{"line":378,"column":52}},"159":{"start":{"line":379,"column":6},"end":{"line":379,"column":55}},"160":{"start":{"line":386,"column":2},"end":{"line":386,"column":26}}},"fnMap":{"0":{"name":"(anonymous_0)","decl":{"start":{"line":12,"column":30},"end":{"line":12,"column":31}},"loc":{"start":{"line":12,"column":44},"end":{"line":14,"column":1}},"line":12},"1":{"name":"(anonymous_1)","decl":{"start":{"line":16,"column":32},"end":{"line":16,"column":33}},"loc":{"start":{"line":16,"column":46},"end":{"line":18,"column":1}},"line":16},"2":{"name":"(anonymous_2)","decl":{"start":{"line":20,"column":35},"end":{"line":20,"column":36}},"loc":{"start":{"line":20,"column":49},"end":{"line":22,"column":1}},"line":20},"3":{"name":"(anonymous_3)","decl":{"start":{"line":24,"column":30},"end":{"line":24,"column":31}},"loc":{"start":{"line":24,"column":44},"end":{"line":26,"column":1}},"line":24},"4":{"name":"(anonymous_4)","decl":{"start":{"line":28,"column":20},"end":{"line":28,"column":21}},"loc":{"start":{"line":28,"column":34},"end":{"line":30,"column":1}},"line":28},"5":{"name":"(anonymous_5)","decl":{"start":{"line":32,"column":23},"end":{"line":32,"column":24}},"loc":{"start":{"line":32,"column":43},"end":{"line":47,"column":1}},"line":32},"6":{"name":"(anonymous_6)","decl":{"start":{"line":49,"column":30},"end":{"line":49,"column":31}},"loc":{"start":{"line":49,"column":50},"end":{"line":75,"column":1}},"line":49},"7":{"name":"(anonymous_7)","decl":{"start":{"line":79,"column":32},"end":{"line":79,"column":33}},"loc":{"start":{"line":79,"column":52},"end":{"line":102,"column":3}},"line":79},"8":{"name":"(anonymous_8)","decl":{"start":{"line":88,"column":41},"end":{"line":88,"column":42}},"loc":{"start":{"line":88,"column":55},"end":{"line":88,"column":71}},"line":88},"9":{"name":"(anonymous_9)","decl":{"start":{"line":110,"column":29},"end":{"line":110,"column":30}},"loc":{"start":{"line":110,"column":49},"end":{"line":128,"column":1}},"line":110},"10":{"name":"(anonymous_10)","decl":{"start":{"line":136,"column":23},"end":{"line":136,"column":24}},"loc":{"start":{"line":136,"column":43},"end":{"line":158,"column":3}},"line":136},"11":{"name":"(anonymous_11)","decl":{"start":{"line":141,"column":41},"end":{"line":141,"column":42}},"loc":{"start":{"line":141,"column":55},"end":{"line":141,"column":71}},"line":141},"12":{"name":"(anonymous_12)","decl":{"start":{"line":161,"column":24},"end":{"line":161,"column":25}},"loc":{"start":{"line":161,"column":44},"end":{"line":187,"column":1}},"line":161},"13":{"name":"(anonymous_13)","decl":{"start":{"line":190,"column":36},"end":{"line":190,"column":37}},"loc":{"start":{"line":190,"column":56},"end":{"line":202,"column":3}},"line":190},"14":{"name":"(anonymous_14)","decl":{"start":{"line":207,"column":60},"end":{"line":207,"column":61}},"loc":{"start":{"line":207,"column":80},"end":{"line":233,"column":3}},"line":207},"15":{"name":"(anonymous_15)","decl":{"start":{"line":237,"column":44},"end":{"line":237,"column":45}},"loc":{"start":{"line":237,"column":64},"end":{"line":245,"column":3}},"line":237},"16":{"name":"(anonymous_16)","decl":{"start":{"line":248,"column":71},"end":{"line":248,"column":72}},"loc":{"start":{"line":248,"column":91},"end":{"line":265,"column":3}},"line":248},"17":{"name":"(anonymous_17)","decl":{"start":{"line":270,"column":55},"end":{"line":270,"column":56}},"loc":{"start":{"line":270,"column":75},"end":{"line":301,"column":3}},"line":270},"18":{"name":"(anonymous_18)","decl":{"start":{"line":285,"column":41},"end":{"line":285,"column":42}},"loc":{"start":{"line":285,"column":55},"end":{"line":285,"column":71}},"line":285},"19":{"name":"(anonymous_19)","decl":{"start":{"line":305,"column":56},"end":{"line":305,"column":57}},"loc":{"start":{"line":305,"column":76},"end":{"line":338,"column":3}},"line":305},"20":{"name":"(anonymous_20)","decl":{"start":{"line":342,"column":67},"end":{"line":342,"column":68}},"loc":{"start":{"line":342,"column":87},"end":{"line":362,"column":3}},"line":342},"21":{"name":"(anonymous_21)","decl":{"start":{"line":366,"column":67},"end":{"line":366,"column":68}},"loc":{"start":{"line":366,"column":87},"end":{"line":381,"column":3}},"line":366}},"branchMap":{"0":{"loc":{"start":{"line":34,"column":8},"end":{"line":36,"column":9}},"type":"if","locations":[{"start":{"line":34,"column":8},"end":{"line":36,"column":9}},{"start":{},"end":{}}],"line":34},"1":{"loc":{"start":{"line":83,"column":6},"end":{"line":85,"column":7}},"type":"if","locations":[{"start":{"line":83,"column":6},"end":{"line":85,"column":7}},{"start":{},"end":{}}],"line":83},"2":{"loc":{"start":{"line":90,"column":26},"end":{"line":90,"column":96}},"type":"cond-expr","locations":[{"start":{"line":90,"column":52},"end":{"line":90,"column":92}},{"start":{"line":90,"column":95},"end":{"line":90,"column":96}}],"line":90},"3":{"loc":{"start":{"line":167,"column":4},"end":{"line":170,"column":5}},"type":"if","locations":[{"start":{"line":167,"column":4},"end":{"line":170,"column":5}},{"start":{},"end":{}}],"line":167},"4":{"loc":{"start":{"line":192,"column":27},"end":{"line":194,"column":12}},"type":"cond-expr","locations":[{"start":{"line":193,"column":10},"end":{"line":193,"column":68}},{"start":{"line":194,"column":10},"end":{"line":194,"column":12}}],"line":192},"5":{"loc":{"start":{"line":196,"column":20},"end":{"line":196,"column":43}},"type":"binary-expr","locations":[{"start":{"line":196,"column":20},"end":{"line":196,"column":35}},{"start":{"line":196,"column":39},"end":{"line":196,"column":43}}],"line":196},"6":{"loc":{"start":{"line":211,"column":6},"end":{"line":213,"column":7}},"type":"if","locations":[{"start":{"line":211,"column":6},"end":{"line":213,"column":7}},{"start":{},"end":{}}],"line":211},"7":{"loc":{"start":{"line":211,"column":10},"end":{"line":211,"column":36}},"type":"binary-expr","locations":[{"start":{"line":211,"column":10},"end":{"line":211,"column":19}},{"start":{"line":211,"column":23},"end":{"line":211,"column":36}}],"line":211},"8":{"loc":{"start":{"line":216,"column":6},"end":{"line":218,"column":7}},"type":"if","locations":[{"start":{"line":216,"column":6},"end":{"line":218,"column":7}},{"start":{},"end":{}}],"line":216},"9":{"loc":{"start":{"line":275,"column":6},"end":{"line":281,"column":7}},"type":"if","locations":[{"start":{"line":275,"column":6},"end":{"line":281,"column":7}},{"start":{},"end":{}}],"line":275},"10":{"loc":{"start":{"line":312,"column":6},"end":{"line":318,"column":7}},"type":"if","locations":[{"start":{"line":312,"column":6},"end":{"line":318,"column":7}},{"start":{},"end":{}}],"line":312},"11":{"loc":{"start":{"line":348,"column":6},"end":{"line":350,"column":7}},"type":"if","locations":[{"start":{"line":348,"column":6},"end":{"line":350,"column":7}},{"start":{},"end":{}}],"line":348},"12":{"loc":{"start":{"line":371,"column":6},"end":{"line":373,"column":7}},"type":"if","locations":[{"start":{"line":371,"column":6},"end":{"line":373,"column":7}},{"start":{},"end":{}}],"line":371}},"s":{"0":1,"1":1,"2":1,"3":1,"4":1,"5":1,"6":1,"7":1,"8":1,"9":1,"10":0,"11":1,"12":0,"13":1,"14":0,"15":1,"16":0,"17":1,"18":0,"19":1,"20":0,"21":0,"22":0,"23":0,"24":0,"25":0,"26":0,"27":0,"28":1,"29":0,"30":0,"31":0,"32":0,"33":0,"34":0,"35":0,"36":0,"37":1,"38":0,"39":0,"40":0,"41":0,"42":0,"43":0,"44":0,"45":0,"46":0,"47":0,"48":0,"49":0,"50":1,"51":0,"52":0,"53":0,"54":0,"55":0,"56":0,"57":0,"58":0,"59":1,"60":0,"61":0,"62":0,"63":0,"64":0,"65":0,"66":0,"67":0,"68":0,"69":1,"70":0,"71":0,"72":0,"73":0,"74":0,"75":0,"76":0,"77":0,"78":0,"79":0,"80":1,"81":0,"82":0,"83":0,"84":0,"85":0,"86":0,"87":1,"88":0,"89":0,"90":0,"91":0,"92":0,"93":0,"94":0,"95":0,"96":0,"97":0,"98":0,"99":1,"100":0,"101":0,"102":0,"103":0,"104":0,"105":1,"106":0,"107":0,"108":0,"109":0,"110":0,"111":1,"112":0,"113":0,"114":0,"115":0,"116":0,"117":0,"118":0,"119":0,"120":0,"121":0,"122":0,"123":0,"124":1,"125":0,"126":0,"127":0,"128":0,"129":0,"130":0,"131":0,"132":0,"133":0,"134":0,"135":0,"136":1,"137":0,"138":0,"139":0,"140":0,"141":0,"142":0,"143":0,"144":0,"145":0,"146":0,"147":0,"148":0,"149":0,"150":1,"151":0,"152":0,"153":0,"154":0,"155":0,"156":0,"157":0,"158":0,"159":0,"160":1},"f":{"0":0,"1":0,"2":0,"3":0,"4":0,"5":0,"6":0,"7":0,"8":0,"9":0,"10":0,"11":0,"12":0,"13":0,"14":0,"15":0,"16":0,"17":0,"18":0,"19":0,"20":0,"21":0},"b":{"0":[0,0],"1":[0,0],"2":[0,0],"3":[0,0],"4":[0,0],"5":[0,0],"6":[0,0],"7":[0,0],"8":[0,0],"9":[0,0],"10":[0,0],"11":[0,0],"12":[0,0]},"_coverageSchema":"1a1c01bbd47fc00a2c39e90264f33305004495a9","hash":"3032f3d6b1f5bf4b87f23aae51455df0d96123bd"}
,"C:\\Users\\lilim\\OneDrive\\Desktop\\thendo\\UniResCollab\\BackEnd\\Routes\\userRoutes.js": {"path":"C:\\Users\\lilim\\OneDrive\\Desktop\\thendo\\UniResCollab\\BackEnd\\Routes\\userRoutes.js","statementMap":{"0":{"start":{"line":1,"column":14},"end":{"line":1,"column":32}},"1":{"start":{"line":2,"column":17},"end":{"line":2,"column":57}},"2":{"start":{"line":3,"column":15},"end":{"line":3,"column":31}},"3":{"start":{"line":4,"column":18},"end":{"line":4,"column":48}},"4":{"start":{"line":8,"column":0},"end":{"line":8,"column":34}},"5":{"start":{"line":10,"column":0},"end":{"line":12,"column":3}},"6":{"start":{"line":11,"column":4},"end":{"line":11,"column":27}},"7":{"start":{"line":13,"column":0},"end":{"line":15,"column":3}},"8":{"start":{"line":14,"column":4},"end":{"line":14,"column":31}},"9":{"start":{"line":16,"column":0},"end":{"line":18,"column":3}},"10":{"start":{"line":17,"column":4},"end":{"line":17,"column":28}},"11":{"start":{"line":20,"column":0},"end":{"line":20,"column":46}},"12":{"start":{"line":22,"column":0},"end":{"line":22,"column":56}},"13":{"start":{"line":24,"column":0},"end":{"line":24,"column":52}},"14":{"start":{"line":26,"column":0},"end":{"line":26,"column":37}},"15":{"start":{"line":29,"column":0},"end":{"line":29,"column":43}},"16":{"start":{"line":32,"column":0},"end":{"line":34,"column":3}},"17":{"start":{"line":33,"column":2},"end":{"line":33,"column":24}},"18":{"start":{"line":38,"column":0},"end":{"line":60,"column":5}},"19":{"start":{"line":39,"column":4},"end":{"line":41,"column":5}},"20":{"start":{"line":40,"column":6},"end":{"line":40,"column":36}},"21":{"start":{"line":43,"column":25},"end":{"line":43,"column":39}},"22":{"start":{"line":45,"column":4},"end":{"line":47,"column":5}},"23":{"start":{"line":46,"column":6},"end":{"line":46,"column":55}},"24":{"start":{"line":49,"column":4},"end":{"line":59,"column":5}},"25":{"start":{"line":50,"column":6},"end":{"line":53,"column":8}},"26":{"start":{"line":55,"column":6},"end":{"line":55,"column":32}},"27":{"start":{"line":57,"column":6},"end":{"line":57,"column":51}},"28":{"start":{"line":58,"column":6},"end":{"line":58,"column":51}},"29":{"start":{"line":64,"column":2},"end":{"line":93,"column":3}},"30":{"start":{"line":65,"column":4},"end":{"line":67,"column":5}},"31":{"start":{"line":66,"column":8},"end":{"line":66,"column":38}},"32":{"start":{"line":69,"column":21},"end":{"line":69,"column":38}},"33":{"start":{"line":71,"column":4},"end":{"line":73,"column":5}},"34":{"start":{"line":72,"column":8},"end":{"line":72,"column":92}},"35":{"start":{"line":75,"column":4},"end":{"line":92,"column":5}},"36":{"start":{"line":76,"column":21},"end":{"line":80,"column":9}},"37":{"start":{"line":83,"column":8},"end":{"line":83,"column":70}},"38":{"start":{"line":83,"column":35},"end":{"line":83,"column":70}},"39":{"start":{"line":84,"column":8},"end":{"line":84,"column":76}},"40":{"start":{"line":84,"column":38},"end":{"line":84,"column":76}},"41":{"start":{"line":85,"column":8},"end":{"line":85,"column":80}},"42":{"start":{"line":85,"column":40},"end":{"line":85,"column":80}},"43":{"start":{"line":88,"column":8},"end":{"line":88,"column":26}},"44":{"start":{"line":90,"column":8},"end":{"line":90,"column":27}},"45":{"start":{"line":91,"column":8},"end":{"line":91,"column":54}},"46":{"start":{"line":96,"column":0},"end":{"line":96,"column":24}}},"fnMap":{"0":{"name":"(anonymous_0)","decl":{"start":{"line":10,"column":20},"end":{"line":10,"column":21}},"loc":{"start":{"line":10,"column":37},"end":{"line":12,"column":1}},"line":10},"1":{"name":"(anonymous_1)","decl":{"start":{"line":13,"column":23},"end":{"line":13,"column":24}},"loc":{"start":{"line":13,"column":40},"end":{"line":15,"column":1}},"line":13},"2":{"name":"(anonymous_2)","decl":{"start":{"line":16,"column":20},"end":{"line":16,"column":21}},"loc":{"start":{"line":16,"column":37},"end":{"line":18,"column":1}},"line":16},"3":{"name":"(anonymous_3)","decl":{"start":{"line":32,"column":22},"end":{"line":32,"column":23}},"loc":{"start":{"line":32,"column":39},"end":{"line":34,"column":1}},"line":32},"4":{"name":"(anonymous_4)","decl":{"start":{"line":38,"column":24},"end":{"line":38,"column":25}},"loc":{"start":{"line":38,"column":44},"end":{"line":60,"column":3}},"line":38},"5":{"name":"(anonymous_5)","decl":{"start":{"line":64,"column":27},"end":{"line":64,"column":28}},"loc":{"start":{"line":64,"column":47},"end":{"line":93,"column":1}},"line":64}},"branchMap":{"0":{"loc":{"start":{"line":39,"column":4},"end":{"line":41,"column":5}},"type":"if","locations":[{"start":{"line":39,"column":4},"end":{"line":41,"column":5}},{"start":{},"end":{}}],"line":39},"1":{"loc":{"start":{"line":45,"column":4},"end":{"line":47,"column":5}},"type":"if","locations":[{"start":{"line":45,"column":4},"end":{"line":47,"column":5}},{"start":{},"end":{}}],"line":45},"2":{"loc":{"start":{"line":65,"column":4},"end":{"line":67,"column":5}},"type":"if","locations":[{"start":{"line":65,"column":4},"end":{"line":67,"column":5}},{"start":{},"end":{}}],"line":65},"3":{"loc":{"start":{"line":71,"column":4},"end":{"line":73,"column":5}},"type":"if","locations":[{"start":{"line":71,"column":4},"end":{"line":73,"column":5}},{"start":{},"end":{}}],"line":71},"4":{"loc":{"start":{"line":71,"column":8},"end":{"line":71,"column":40}},"type":"binary-expr","locations":[{"start":{"line":71,"column":8},"end":{"line":71,"column":17}},{"start":{"line":71,"column":21},"end":{"line":71,"column":40}}],"line":71},"5":{"loc":{"start":{"line":83,"column":8},"end":{"line":83,"column":70}},"type":"if","locations":[{"start":{"line":83,"column":8},"end":{"line":83,"column":70}},{"start":{},"end":{}}],"line":83},"6":{"loc":{"start":{"line":84,"column":8},"end":{"line":84,"column":76}},"type":"if","locations":[{"start":{"line":84,"column":8},"end":{"line":84,"column":76}},{"start":{},"end":{}}],"line":84},"7":{"loc":{"start":{"line":85,"column":8},"end":{"line":85,"column":80}},"type":"if","locations":[{"start":{"line":85,"column":8},"end":{"line":85,"column":80}},{"start":{},"end":{}}],"line":85}},"s":{"0":1,"1":1,"2":1,"3":1,"4":1,"5":1,"6":0,"7":1,"8":0,"9":1,"10":0,"11":1,"12":1,"13":1,"14":1,"15":1,"16":1,"17":0,"18":1,"19":0,"20":0,"21":0,"22":0,"23":0,"24":0,"25":0,"26":0,"27":0,"28":0,"29":1,"30":0,"31":0,"32":0,"33":0,"34":0,"35":0,"36":0,"37":0,"38":0,"39":0,"40":0,"41":0,"42":0,"43":0,"44":0,"45":0,"46":1},"f":{"0":0,"1":0,"2":0,"3":0,"4":0,"5":0},"b":{"0":[0,0],"1":[0,0],"2":[0,0],"3":[0,0],"4":[0,0],"5":[0,0],"6":[0,0],"7":[0,0]},"_coverageSchema":"1a1c01bbd47fc00a2c39e90264f33305004495a9","hash":"9000eccc04427c91589a94485b662d38480aeda7"}
,"C:\\Users\\lilim\\OneDrive\\Desktop\\thendo\\UniResCollab\\BackEnd\\config\\database.js": {"path":"C:\\Users\\lilim\\OneDrive\\Desktop\\thendo\\UniResCollab\\BackEnd\\config\\database.js","statementMap":{"0":{"start":{"line":2,"column":17},"end":{"line":2,"column":36}},"1":{"start":{"line":5,"column":13},"end":{"line":5,"column":28}},"2":{"start":{"line":6,"column":0},"end":{"line":6,"column":76}},"3":{"start":{"line":7,"column":11},"end":{"line":19,"column":3}},"4":{"start":{"line":8,"column":4},"end":{"line":18,"column":7}},"5":{"start":{"line":9,"column":6},"end":{"line":17,"column":11}},"6":{"start":{"line":11,"column":10},"end":{"line":11,"column":44}},"7":{"start":{"line":12,"column":10},"end":{"line":12,"column":20}},"8":{"start":{"line":15,"column":10},"end":{"line":15,"column":54}},"9":{"start":{"line":16,"column":10},"end":{"line":16,"column":22}},"10":{"start":{"line":21,"column":0},"end":{"line":21,"column":24}}},"fnMap":{"0":{"name":"(anonymous_0)","decl":{"start":{"line":7,"column":11},"end":{"line":7,"column":12}},"loc":{"start":{"line":7,"column":17},"end":{"line":19,"column":3}},"line":7},"1":{"name":"(anonymous_1)","decl":{"start":{"line":8,"column":23},"end":{"line":8,"column":24}},"loc":{"start":{"line":8,"column":44},"end":{"line":18,"column":5}},"line":8},"2":{"name":"(anonymous_2)","decl":{"start":{"line":10,"column":14},"end":{"line":10,"column":15}},"loc":{"start":{"line":10,"column":20},"end":{"line":13,"column":9}},"line":10},"3":{"name":"(anonymous_3)","decl":{"start":{"line":14,"column":15},"end":{"line":14,"column":16}},"loc":{"start":{"line":14,"column":24},"end":{"line":17,"column":9}},"line":14}},"branchMap":{},"s":{"0":1,"1":1,"2":1,"3":1,"4":1,"5":1,"6":0,"7":0,"8":0,"9":0,"10":1},"f":{"0":1,"1":1,"2":0,"3":0},"b":{},"_coverageSchema":"1a1c01bbd47fc00a2c39e90264f33305004495a9","hash":"cffcd06fa59e37e9e45e09a0512476b41e0abaaf"}
,"C:\\Users\\lilim\\OneDrive\\Desktop\\thendo\\UniResCollab\\BackEnd\\config\\passport.js": {"path":"C:\\Users\\lilim\\OneDrive\\Desktop\\thendo\\UniResCollab\\BackEnd\\config\\passport.js","statementMap":{"0":{"start":{"line":1,"column":17},"end":{"line":1,"column":36}},"1":{"start":{"line":4,"column":0},"end":{"line":4,"column":38}},"2":{"start":{"line":5,"column":0},"end":{"line":5,"column":38}},"3":{"start":{"line":7,"column":0},"end":{"line":7,"column":57}},"4":{"start":{"line":7,"column":39},"end":{"line":7,"column":55}},"5":{"start":{"line":8,"column":0},"end":{"line":8,"column":59}},"6":{"start":{"line":8,"column":41},"end":{"line":8,"column":57}},"7":{"start":{"line":10,"column":0},"end":{"line":10,"column":26}}},"fnMap":{"0":{"name":"(anonymous_0)","decl":{"start":{"line":7,"column":23},"end":{"line":7,"column":24}},"loc":{"start":{"line":7,"column":39},"end":{"line":7,"column":55}},"line":7},"1":{"name":"(anonymous_1)","decl":{"start":{"line":8,"column":25},"end":{"line":8,"column":26}},"loc":{"start":{"line":8,"column":41},"end":{"line":8,"column":57}},"line":8}},"branchMap":{},"s":{"0":1,"1":1,"2":1,"3":1,"4":0,"5":1,"6":0,"7":1},"f":{"0":0,"1":0},"b":{},"_coverageSchema":"1a1c01bbd47fc00a2c39e90264f33305004495a9","hash":"6f043503a5689ab214c79248d42209137d95c0ca"}
,"C:\\Users\\lilim\\OneDrive\\Desktop\\thendo\\UniResCollab\\BackEnd\\middleware\\authMiddleware.js": {"path":"C:\\Users\\lilim\\OneDrive\\Desktop\\thendo\\UniResCollab\\BackEnd\\middleware\\authMiddleware.js","statementMap":{"0":{"start":{"line":4,"column":4},"end":{"line":6,"column":5}},"1":{"start":{"line":5,"column":6},"end":{"line":5,"column":20}},"2":{"start":{"line":7,"column":4},"end":{"line":7,"column":27}},"3":{"start":{"line":12,"column":4},"end":{"line":14,"column":5}},"4":{"start":{"line":13,"column":6},"end":{"line":13,"column":20}},"5":{"start":{"line":15,"column":4},"end":{"line":15,"column":69}},"6":{"start":{"line":19,"column":2},"end":{"line":19,"column":61}}},"fnMap":{"0":{"name":"ensureAuthenticated","decl":{"start":{"line":3,"column":9},"end":{"line":3,"column":28}},"loc":{"start":{"line":3,"column":45},"end":{"line":8,"column":3}},"line":3},"1":{"name":"ensureResearcher","decl":{"start":{"line":11,"column":11},"end":{"line":11,"column":27}},"loc":{"start":{"line":11,"column":44},"end":{"line":16,"column":3}},"line":11}},"branchMap":{"0":{"loc":{"start":{"line":4,"column":4},"end":{"line":6,"column":5}},"type":"if","locations":[{"start":{"line":4,"column":4},"end":{"line":6,"column":5}},{"start":{},"end":{}}],"line":4},"1":{"loc":{"start":{"line":12,"column":4},"end":{"line":14,"column":5}},"type":"if","locations":[{"start":{"line":12,"column":4},"end":{"line":14,"column":5}},{"start":{},"end":{}}],"line":12},"2":{"loc":{"start":{"line":12,"column":8},"end":{"line":12,"column":50}},"type":"binary-expr","locations":[{"start":{"line":12,"column":8},"end":{"line":12,"column":16}},{"start":{"line":12,"column":20},"end":{"line":12,"column":50}}],"line":12}},"s":{"0":1,"1":1,"2":0,"3":0,"4":0,"5":0,"6":1},"f":{"0":1,"1":0},"b":{"0":[1,0],"1":[0,0],"2":[0,0]},"_coverageSchema":"1a1c01bbd47fc00a2c39e90264f33305004495a9","hash":"acd83cc86f6eac405e2912f423832697ff55f1f5"}
,"C:\\Users\\lilim\\OneDrive\\Desktop\\thendo\\UniResCollab\\BackEnd\\passport\\githubStrategy.js": {"path":"C:\\Users\\lilim\\OneDrive\\Desktop\\thendo\\UniResCollab\\BackEnd\\passport\\githubStrategy.js","statementMap":{"0":{"start":{"line":7,"column":17},"end":{"line":7,"column":36}},"1":{"start":{"line":8,"column":23},"end":{"line":8,"column":59}},"2":{"start":{"line":9,"column":13},"end":{"line":9,"column":28}},"3":{"start":{"line":10,"column":18},"end":{"line":10,"column":48}},"4":{"start":{"line":11,"column":0},"end":{"line":11,"column":76}},"5":{"start":{"line":13,"column":0},"end":{"line":40,"column":3}},"6":{"start":{"line":19,"column":20},"end":{"line":22,"column":5}},"7":{"start":{"line":24,"column":4},"end":{"line":38,"column":5}},"8":{"start":{"line":25,"column":17},"end":{"line":25,"column":88}},"9":{"start":{"line":27,"column":6},"end":{"line":32,"column":7}},"10":{"start":{"line":28,"column":8},"end":{"line":28,"column":47}},"11":{"start":{"line":31,"column":8},"end":{"line":31,"column":32}},"12":{"start":{"line":33,"column":6},"end":{"line":33,"column":30}},"13":{"start":{"line":36,"column":6},"end":{"line":36,"column":25}},"14":{"start":{"line":37,"column":6},"end":{"line":37,"column":29}}},"fnMap":{"0":{"name":"(anonymous_0)","decl":{"start":{"line":18,"column":2},"end":{"line":18,"column":3}},"loc":{"start":{"line":18,"column":54},"end":{"line":39,"column":3}},"line":18}},"branchMap":{"0":{"loc":{"start":{"line":27,"column":6},"end":{"line":32,"column":7}},"type":"if","locations":[{"start":{"line":27,"column":6},"end":{"line":32,"column":7}},{"start":{"line":30,"column":10},"end":{"line":32,"column":7}}],"line":27}},"s":{"0":1,"1":1,"2":1,"3":1,"4":1,"5":1,"6":0,"7":0,"8":0,"9":0,"10":0,"11":0,"12":0,"13":0,"14":0},"f":{"0":0},"b":{"0":[0,0]},"_coverageSchema":"1a1c01bbd47fc00a2c39e90264f33305004495a9","hash":"74e06d79ff31d3a095054f9258ac57582e5db459"}
,"C:\\Users\\lilim\\OneDrive\\Desktop\\thendo\\UniResCollab\\BackEnd\\passport\\googleStrategy.js": {"path":"C:\\Users\\lilim\\OneDrive\\Desktop\\thendo\\UniResCollab\\BackEnd\\passport\\googleStrategy.js","statementMap":{"0":{"start":{"line":5,"column":17},"end":{"line":5,"column":36}},"1":{"start":{"line":6,"column":23},"end":{"line":6,"column":66}},"2":{"start":{"line":7,"column":13},"end":{"line":7,"column":28}},"3":{"start":{"line":8,"column":18},"end":{"line":8,"column":48}},"4":{"start":{"line":9,"column":0},"end":{"line":9,"column":76}},"5":{"start":{"line":11,"column":0},"end":{"line":38,"column":3}},"6":{"start":{"line":17,"column":20},"end":{"line":20,"column":5}},"7":{"start":{"line":22,"column":4},"end":{"line":36,"column":5}},"8":{"start":{"line":23,"column":17},"end":{"line":23,"column":88}},"9":{"start":{"line":25,"column":6},"end":{"line":30,"column":7}},"10":{"start":{"line":26,"column":8},"end":{"line":26,"column":47}},"11":{"start":{"line":29,"column":8},"end":{"line":29,"column":32}},"12":{"start":{"line":31,"column":6},"end":{"line":31,"column":30}},"13":{"start":{"line":34,"column":6},"end":{"line":34,"column":25}},"14":{"start":{"line":35,"column":6},"end":{"line":35,"column":29}}},"fnMap":{"0":{"name":"(anonymous_0)","decl":{"start":{"line":16,"column":2},"end":{"line":16,"column":3}},"loc":{"start":{"line":16,"column":54},"end":{"line":37,"column":3}},"line":16}},"branchMap":{"0":{"loc":{"start":{"line":25,"column":6},"end":{"line":30,"column":7}},"type":"if","locations":[{"start":{"line":25,"column":6},"end":{"line":30,"column":7}},{"start":{"line":28,"column":10},"end":{"line":30,"column":7}}],"line":25}},"s":{"0":1,"1":1,"2":1,"3":1,"4":1,"5":1,"6":0,"7":0,"8":0,"9":0,"10":0,"11":0,"12":0,"13":0,"14":0},"f":{"0":0},"b":{"0":[0,0]},"_coverageSchema":"1a1c01bbd47fc00a2c39e90264f33305004495a9","hash":"1066a3e26cf8a884034719b4eda5acc790e69067"}
}
